2022-12-09 14:26:53.074 INFO: {
    "bag_scale": 3,
    "beta": null,
    "canvas_size": 25,
    "clip_ratio": 0.2,
    "cutoff": 4.0,
    "data_dir": "data",
    "device": "cpu",
    "discount": 1.0,
    "entropy_coef": 0.01,
    "eval_formulas": null,
    "eval_freq": 10,
    "formulas": "H2O",
    "gradient_clip": 0.5,
    "keep_models": false,
    "lam": 0.97,
    "learning_rate": 0.0003,
    "load_latest": false,
    "load_model": null,
    "log_dir": "logs",
    "log_level": "INFO",
    "max_mean_distance": 1.8,
    "max_num_steps": 50000,
    "max_num_train_iters": 7,
    "max_solo_distance": 2.0,
    "maxl": 4,
    "min_atomic_distance": 0.6,
    "min_mean_distance": 0.8,
    "min_reward": -0.6,
    "mini_batch_size": 64,
    "model": "internal",
    "model_dir": "models",
    "name": "a",
    "network_width": 128,
    "num_cg_levels": 3,
    "num_channels_hidden": 10,
    "num_channels_per_element": 4,
    "num_envs": 8,
    "num_eval_episodes": null,
    "num_gaussians": 3,
    "num_interactions": 3,
    "num_steps_per_iter": 128,
    "optimizer": "adam",
    "results_dir": "results",
    "save_freq": 10,
    "save_rollouts": "none",
    "seed": 0,
    "symbols": "X,H,C,N,O,F",
    "target_kl": 0.01,
    "update_edges": false,
    "vf_coef": 0.5
}
2022-12-09 14:26:53.080 INFO: Using CPU
2022-12-09 14:26:53.081 INFO: Training bags: ['H2O']
2022-12-09 14:26:53.082 INFO: Evaluation bags: ['H2O']
2022-12-09 14:26:53.096 INFO: Number of parameters: 213679
2022-12-09 14:26:53.120 INFO: Starting PPO
2022-12-09 14:26:53.120 INFO: Iteration: 0/389, steps: 0
