2022-12-30 14:49:39.006 INFO: {
    "bag_scale": 6,
    "beta": "-10",
    "canvas_size": 6,
    "clip_ratio": 0.2,
    "cutoff": 4.0,
    "data_dir": "runs/CH3NO_int/data",
    "device": "cuda",
    "discount": 1.0,
    "entropy_coef": 0.06,
    "eval_formulas": "CH3NO",
    "eval_freq": 1,
    "formulas": "CH3NO",
    "gradient_clip": 0.5,
    "keep_models": false,
    "lam": 1.0,
    "learning_rate": 0.0005,
    "load_latest": false,
    "load_model": null,
    "log_dir": "runs/CH3NO_int/logs",
    "log_level": "DEBUG",
    "max_mean_distance": 1.8,
    "max_num_steps": 30000,
    "max_num_train_iters": 10,
    "max_solo_distance": 2.0,
    "maxl": 4,
    "min_atomic_distance": 0.6,
    "min_mean_distance": 0.8,
    "min_reward": -20.0,
    "mini_batch_size": 64,
    "model": "schnet_edge",
    "model_dir": "runs/CH3NO_int/models",
    "name": "CH3NO_int",
    "network_width": 128,
    "num_cg_levels": 3,
    "num_channels_hidden": 10,
    "num_channels_per_element": 4,
    "num_envs": 12,
    "num_eval_episodes": null,
    "num_gaussians": 3,
    "num_interactions": 3,
    "num_steps_per_iter": 216,
    "optimizer": "adam",
    "results_dir": "runs/CH3NO_int/results",
    "save_freq": 10,
    "save_rollouts": "train",
    "seed": 1,
    "symbols": "X,H,C,N,O",
    "target_kl": 0.03,
    "update_edges": true,
    "vf_coef": 0.001
}
2022-12-30 14:49:39.050 INFO: CUDA Device: 0
2022-12-30 14:49:39.051 INFO: Training bags: ['CH3NO']
2022-12-30 14:49:39.051 INFO: Evaluation bags: ['CH3NO']
2022-12-30 14:49:41.223 INFO: Number of parameters: 549407
2022-12-30 14:49:41.235 INFO: Starting PPO
2022-12-30 14:49:41.236 INFO: Iteration: 0/137, steps: 0
2022-12-30 14:49:44.762 DEBUG: There is a single atom floating around
2022-12-30 14:49:45.834 DEBUG: There is a single atom floating around
2022-12-30 14:49:46.893 DEBUG: There is a single atom floating around
2022-12-30 14:49:49.478 DEBUG: Atoms are too close
2022-12-30 14:49:51.025 DEBUG: Atoms are too close
2022-12-30 14:49:51.522 DEBUG: Atoms are too close
2022-12-30 14:49:51.522 DEBUG: Atoms are too close
2022-12-30 14:49:53.681 DEBUG: Atoms are too close
2022-12-30 14:49:54.181 DEBUG: Atoms are too close
2022-12-30 14:49:54.554 DEBUG: There is a single atom floating around
2022-12-30 14:49:57.816 DEBUG: Atoms are too close
2022-12-30 14:50:00.836 DEBUG: There is a single atom floating around
2022-12-30 14:50:02.713 DEBUG: Atoms are too close
2022-12-30 14:50:02.957 DEBUG: Atoms are too close
2022-12-30 14:50:03.601 DEBUG: Atoms are too close
2022-12-30 14:50:04.213 DEBUG: Atoms are too close
2022-12-30 14:50:04.463 DEBUG: Atoms are too close
2022-12-30 14:50:04.590 DEBUG: Atoms are too close
2022-12-30 14:50:05.768 DEBUG: Atoms are too close
2022-12-30 14:50:08.562 DEBUG: Atoms are too close
2022-12-30 14:50:08.812 DEBUG: There is a single atom floating around
2022-12-30 14:50:11.920 DEBUG: Atoms are too close
2022-12-30 14:50:12.169 DEBUG: Atoms are too close
2022-12-30 14:50:12.171 DEBUG: Atoms are too close
2022-12-30 14:50:12.172 DEBUG: Atoms are too close
2022-12-30 14:50:13.191 DEBUG: There is a single atom floating around
2022-12-30 14:50:15.153 DEBUG: Atoms are too close
2022-12-30 14:50:15.279 DEBUG: Atoms are too close
2022-12-30 14:50:17.061 DEBUG: Atoms are too close
2022-12-30 14:50:17.140 DEBUG: Atoms are too close
2022-12-30 14:50:17.863 DEBUG: There is a single atom floating around
2022-12-30 14:50:18.095 DEBUG: There is a single atom floating around
2022-12-30 14:50:20.636 DEBUG: Atoms are too close
2022-12-30 14:50:23.852 DEBUG: Atoms are too close
2022-12-30 14:50:23.948 INFO: Training rollout: return=-15.466 (8.2), episode length=4.3
2022-12-30 14:50:23.949 DEBUG: Saving info: runs/CH3NO_int/results/CH3NO_int_run-1_train.txt
2022-12-30 14:50:23.952 DEBUG: Saving rollout: runs/CH3NO_int/data/CH3NO_int_run-1_steps-0_train.pkl
2022-12-30 14:50:25.842 DEBUG: Taking gradient step
2022-12-30 14:50:27.723 DEBUG: Loss 0: {'policy_loss': 0.03385936017471252, 'entropy_loss': -0.0838059913367033, 'vf_loss': 0.2566316477000788, 'total_loss': -0.04994663116199079, 'approx_kl': -2.4757659033980417e-08, 'clip_fraction': 0.0, 'grad_norm': 110.40872192382812}
2022-12-30 14:50:29.576 DEBUG: Taking gradient step
2022-12-30 14:50:31.441 DEBUG: Loss 1: {'policy_loss': -0.017841997419644928, 'entropy_loss': -0.08275630883872509, 'vf_loss': 0.24323100735698838, 'total_loss': -0.10059830625837002, 'approx_kl': -0.03248922619968653, 'clip_fraction': 0.1653645858168602, 'grad_norm': 24.0286922454834}
2022-12-30 14:50:33.291 DEBUG: Taking gradient step
2022-12-30 14:50:35.143 DEBUG: Loss 2: {'policy_loss': 0.08102177599726934, 'entropy_loss': -0.08135664463043213, 'vf_loss': 0.2318550168671388, 'total_loss': -0.0003348686331627812, 'approx_kl': -0.04498174134641886, 'clip_fraction': 0.4596354216337204, 'grad_norm': 40.440006256103516}
2022-12-30 14:50:37.114 DEBUG: Taking gradient step
2022-12-30 14:50:40.905 DEBUG: Loss 3: {'policy_loss': 0.16265997199478116, 'entropy_loss': -0.08007408492267132, 'vf_loss': 0.23694108589083146, 'total_loss': 0.08258588707210986, 'approx_kl': -0.0502678444609046, 'clip_fraction': 0.4596354216337204, 'grad_norm': 44.47402572631836}
2022-12-30 14:50:44.354 DEBUG: Taking gradient step
2022-12-30 14:50:46.830 DEBUG: Loss 4: {'policy_loss': 0.1560992671908924, 'entropy_loss': -0.07920811139047146, 'vf_loss': 0.2388233100485539, 'total_loss': 0.07689115580042095, 'approx_kl': -0.07538922037929296, 'clip_fraction': 0.5234375, 'grad_norm': 29.57590103149414}
2022-12-30 14:50:49.566 DEBUG: Taking gradient step
2022-12-30 14:50:52.203 DEBUG: Loss 5: {'policy_loss': 0.12510920093994024, 'entropy_loss': -0.07841380685567856, 'vf_loss': 0.23837362942541854, 'total_loss': 0.04669539408426168, 'approx_kl': -0.05997056467458606, 'clip_fraction': 0.5377604216337204, 'grad_norm': 22.88888168334961}
2022-12-30 14:50:54.866 DEBUG: Taking gradient step
2022-12-30 14:50:57.510 DEBUG: Loss 6: {'policy_loss': 0.12301603045738524, 'entropy_loss': -0.07777630537748337, 'vf_loss': 0.24478812577089448, 'total_loss': 0.04523972507990189, 'approx_kl': -0.09651904832571745, 'clip_fraction': 0.4401041716337204, 'grad_norm': 26.44388771057129}
2022-12-30 14:51:00.206 DEBUG: Taking gradient step
2022-12-30 14:51:02.937 DEBUG: Loss 7: {'policy_loss': 0.1734829266988509, 'entropy_loss': -0.07806236296892166, 'vf_loss': 0.2442045665933395, 'total_loss': 0.09542056372992924, 'approx_kl': -0.10900194523856044, 'clip_fraction': 0.4869791716337204, 'grad_norm': 39.35578536987305}
2022-12-30 14:51:05.798 DEBUG: Taking gradient step
2022-12-30 14:51:08.493 DEBUG: Loss 8: {'policy_loss': 0.1043337659883448, 'entropy_loss': -0.07840270921587944, 'vf_loss': 0.23508814724638868, 'total_loss': 0.025931056772465377, 'approx_kl': -0.09818954579532146, 'clip_fraction': 0.4817708432674408, 'grad_norm': 29.356155395507812}
2022-12-30 14:51:11.348 DEBUG: Taking gradient step
2022-12-30 14:51:13.958 DEBUG: Loss 9: {'policy_loss': 0.15432074569046111, 'entropy_loss': -0.07794937863945961, 'vf_loss': 0.24319556440837675, 'total_loss': 0.0763713670510015, 'approx_kl': -0.12140828743577003, 'clip_fraction': 0.4518229216337204, 'grad_norm': 30.505821228027344}
2022-12-30 14:51:13.959 INFO: Optimization: policy loss=0.154, vf loss=0.243, entropy loss=-0.078, total loss=0.076, num steps=10
2022-12-30 14:51:13.959 DEBUG: Saving info: runs/CH3NO_int/results/CH3NO_int_run-1_opt.txt
2022-12-30 14:51:14.762 DEBUG: Atoms are too close
2022-12-30 14:51:14.764 INFO: Evaluation rollout: return=-19.629 (0.0), episode length=4.0
2022-12-30 14:51:14.764 DEBUG: Saving info: runs/CH3NO_int/results/CH3NO_int_run-1_eval.txt
2022-12-30 14:51:14.767 DEBUG: Saving model: runs/CH3NO_int/models/CH3NO_int_run-1_steps-216.model
2022-12-30 14:51:14.814 INFO: Iteration: 1/137, steps: 216
2022-12-30 14:51:17.313 DEBUG: There is a single atom floating around
2022-12-30 14:51:18.341 DEBUG: There is a single atom floating around
2022-12-30 14:51:23.766 DEBUG: Atoms are too close
2022-12-30 14:51:24.815 DEBUG: Atoms are too close
2022-12-30 14:51:27.194 DEBUG: Atoms are too close
2022-12-30 14:51:29.817 DEBUG: There is a single atom floating around
2022-12-30 14:51:30.207 DEBUG: There is a single atom floating around
2022-12-30 14:51:30.710 DEBUG: There is a single atom floating around
2022-12-30 14:51:33.144 DEBUG: There is a single atom floating around
2022-12-30 14:51:33.938 DEBUG: There is a single atom floating around
2022-12-30 14:51:36.030 DEBUG: There is a single atom floating around
2022-12-30 14:51:38.146 DEBUG: Atoms are too close
2022-12-30 14:51:40.799 DEBUG: Atoms are too close
2022-12-30 14:51:41.864 DEBUG: Atoms are too close
2022-12-30 14:51:43.704 DEBUG: Atoms are too close
2022-12-30 14:51:45.858 DEBUG: There is a single atom floating around
2022-12-30 14:51:47.056 DEBUG: There is a single atom floating around
2022-12-30 14:51:49.403 DEBUG: Atoms are too close
2022-12-30 14:51:49.529 DEBUG: Atoms are too close
2022-12-30 14:51:52.383 DEBUG: Atoms are too close
2022-12-30 14:51:53.535 DEBUG: Atoms are too close
2022-12-30 14:51:55.404 DEBUG: Atoms are too close
2022-12-30 14:51:56.189 DEBUG: Atoms are too close
2022-12-30 14:51:59.218 DEBUG: There is a single atom floating around
2022-12-30 14:52:01.232 INFO: Training rollout: return=-11.789 (9.9), episode length=4.7
2022-12-30 14:52:01.234 DEBUG: Saving info: runs/CH3NO_int/results/CH3NO_int_run-1_train.txt
2022-12-30 14:52:01.236 DEBUG: Saving rollout: runs/CH3NO_int/data/CH3NO_int_run-1_steps-216_train.pkl
2022-12-30 14:52:04.003 DEBUG: Taking gradient step
2022-12-30 14:52:07.354 DEBUG: Loss 0: {'policy_loss': 0.008814894316237118, 'entropy_loss': -0.07959978468716145, 'vf_loss': 0.17353597591122638, 'total_loss': -0.07078489037092432, 'approx_kl': -3.764095524161348e-08, 'clip_fraction': 0.0, 'grad_norm': 18.98934555053711}
2022-12-30 14:52:10.132 DEBUG: Taking gradient step
2022-12-30 14:52:12.992 DEBUG: Loss 1: {'policy_loss': -0.0044720651757426105, 'entropy_loss': -0.0787715557962656, 'vf_loss': 0.17185729111208278, 'total_loss': -0.0832436209720082, 'approx_kl': -0.008753524045459926, 'clip_fraction': 0.06380208395421505, 'grad_norm': 18.391433715820312}
2022-12-30 14:52:16.012 DEBUG: Taking gradient step
2022-12-30 14:52:18.963 DEBUG: Loss 2: {'policy_loss': 0.05129072219355745, 'entropy_loss': -0.07958473637700081, 'vf_loss': 0.18134223475043365, 'total_loss': -0.02829401418344335, 'approx_kl': -0.017407875508069992, 'clip_fraction': 0.20442708395421505, 'grad_norm': 13.552010536193848}
2022-12-30 14:52:21.807 DEBUG: Taking gradient step
2022-12-30 14:52:24.644 DEBUG: Loss 3: {'policy_loss': 0.0056380443102452575, 'entropy_loss': -0.08026727847754955, 'vf_loss': 0.17165647866982708, 'total_loss': -0.0746292341673043, 'approx_kl': -0.030551516450941563, 'clip_fraction': 0.2994791716337204, 'grad_norm': 13.563080787658691}
2022-12-30 14:52:27.390 DEBUG: Taking gradient step
2022-12-30 14:52:30.230 DEBUG: Loss 4: {'policy_loss': -0.002998390119213018, 'entropy_loss': -0.07943263649940491, 'vf_loss': 0.16936715840680988, 'total_loss': -0.08243102661861793, 'approx_kl': -0.06309566553682089, 'clip_fraction': 0.3346354216337204, 'grad_norm': 13.022753715515137}
2022-12-30 14:52:33.293 DEBUG: Taking gradient step
2022-12-30 14:52:36.112 DEBUG: Loss 5: {'policy_loss': 0.028874752732474713, 'entropy_loss': -0.07893139310181141, 'vf_loss': 0.172990564241622, 'total_loss': -0.0500566403693367, 'approx_kl': -0.06975099770352244, 'clip_fraction': 0.3645833358168602, 'grad_norm': 15.891672134399414}
2022-12-30 14:52:38.935 DEBUG: Taking gradient step
2022-12-30 14:52:41.642 DEBUG: Loss 6: {'policy_loss': 0.053723795915952714, 'entropy_loss': -0.07862738147377968, 'vf_loss': 0.17463573850546468, 'total_loss': -0.024903585557826964, 'approx_kl': -0.06934727262705564, 'clip_fraction': 0.4466145858168602, 'grad_norm': 14.698590278625488}
2022-12-30 14:52:44.312 DEBUG: Taking gradient step
2022-12-30 14:52:47.033 DEBUG: Loss 7: {'policy_loss': 0.047427646908634435, 'entropy_loss': -0.0784089807420969, 'vf_loss': 0.17407452108012772, 'total_loss': -0.030981333833462462, 'approx_kl': -0.07068712543696165, 'clip_fraction': 0.4192708358168602, 'grad_norm': 12.073729515075684}
2022-12-30 14:52:49.664 DEBUG: Taking gradient step
2022-12-30 14:52:52.041 DEBUG: Loss 8: {'policy_loss': 0.033669068898472404, 'entropy_loss': -0.0784026999026537, 'vf_loss': 0.17037510206147943, 'total_loss': -0.04473363100418129, 'approx_kl': -0.09180383197963238, 'clip_fraction': 0.41796875, 'grad_norm': 11.649778366088867}
2022-12-30 14:52:54.484 DEBUG: Taking gradient step
2022-12-30 14:52:56.786 DEBUG: Loss 9: {'policy_loss': 0.031210889099993505, 'entropy_loss': -0.07826280780136585, 'vf_loss': 0.1690376532148881, 'total_loss': -0.04705191870137235, 'approx_kl': -0.0957128033041954, 'clip_fraction': 0.4791666716337204, 'grad_norm': 10.39254093170166}
2022-12-30 14:52:56.787 INFO: Optimization: policy loss=0.031, vf loss=0.169, entropy loss=-0.078, total loss=-0.047, num steps=10
2022-12-30 14:52:56.787 DEBUG: Saving info: runs/CH3NO_int/results/CH3NO_int_run-1_opt.txt
2022-12-30 14:52:57.595 DEBUG: Atoms are too close
2022-12-30 14:52:57.597 INFO: Evaluation rollout: return=-19.623 (0.0), episode length=4.0
2022-12-30 14:52:57.597 DEBUG: Saving info: runs/CH3NO_int/results/CH3NO_int_run-1_eval.txt
2022-12-30 14:52:57.599 INFO: Iteration: 2/137, steps: 432
2022-12-30 14:53:00.303 DEBUG: There is a single atom floating around
2022-12-30 14:53:07.244 DEBUG: Atoms are too close
2022-12-30 14:53:07.245 DEBUG: Atoms are too close
2022-12-30 14:53:07.246 DEBUG: Atoms are too close
2022-12-30 14:53:08.390 DEBUG: Atoms are too close
2022-12-30 14:53:08.393 DEBUG: Atoms are too close
2022-12-30 14:53:08.394 DEBUG: Atoms are too close
2022-12-30 14:53:08.395 DEBUG: Atoms are too close
2022-12-30 14:53:09.624 DEBUG: Atoms are too close
2022-12-30 14:53:10.392 DEBUG: Atoms are too close
2022-12-30 14:53:13.386 DEBUG: There is a single atom floating around
2022-12-30 14:53:16.431 DEBUG: There is a single atom floating around
2022-12-30 14:53:17.350 DEBUG: Atoms are too close
2022-12-30 14:53:18.944 DEBUG: Atoms are too close
2022-12-30 14:53:20.297 DEBUG: Atoms are too close
2022-12-30 14:53:20.300 DEBUG: Atoms are too close
2022-12-30 14:53:20.536 DEBUG: Atoms are too close
2022-12-30 14:53:20.932 DEBUG: There is a single atom floating around
2022-12-30 14:53:21.535 DEBUG: Atoms are too close
2022-12-30 14:53:21.788 DEBUG: Atoms are too close
2022-12-30 14:53:24.521 DEBUG: There is a single atom floating around
2022-12-30 14:53:25.039 DEBUG: Atoms are too close
2022-12-30 14:53:27.675 DEBUG: Atoms are too close
2022-12-30 14:53:28.365 DEBUG: There is a single atom floating around
2022-12-30 14:53:28.366 DEBUG: Atoms are too close
2022-12-30 14:53:30.586 DEBUG: Atoms are too close
2022-12-30 14:53:32.383 DEBUG: There is a single atom floating around
2022-12-30 14:53:37.206 DEBUG: Atoms are too close
2022-12-30 14:53:40.382 DEBUG: Atoms are too close
2022-12-30 14:53:41.289 INFO: Training rollout: return=-13.833 (9.1), episode length=4.7
2022-12-30 14:53:41.291 DEBUG: Saving info: runs/CH3NO_int/results/CH3NO_int_run-1_train.txt
2022-12-30 14:53:41.293 DEBUG: Saving rollout: runs/CH3NO_int/data/CH3NO_int_run-1_steps-432_train.pkl
2022-12-30 14:53:44.043 DEBUG: Taking gradient step
2022-12-30 14:53:47.000 DEBUG: Loss 0: {'policy_loss': -0.06269913729834573, 'entropy_loss': -0.07847392931580544, 'vf_loss': 0.21502418817439511, 'total_loss': -0.14117306661415116, 'approx_kl': 1.2068388288710707e-08, 'clip_fraction': 0.0, 'grad_norm': 20.205673217773438}
2022-12-30 14:53:49.901 DEBUG: Taking gradient step
2022-12-30 14:53:52.840 DEBUG: Loss 1: {'policy_loss': -0.05800597773737276, 'entropy_loss': -0.07861807942390442, 'vf_loss': 0.21845332760912134, 'total_loss': -0.13662405716127718, 'approx_kl': -0.00011460401583462954, 'clip_fraction': 0.11197916697710752, 'grad_norm': 16.53449821472168}
2022-12-30 14:53:55.737 DEBUG: Taking gradient step
2022-12-30 14:53:58.651 DEBUG: Loss 2: {'policy_loss': -0.03775813370625151, 'entropy_loss': -0.07727348990738392, 'vf_loss': 0.2181068337441172, 'total_loss': -0.11503162361363542, 'approx_kl': -0.019125225488096476, 'clip_fraction': 0.2513020858168602, 'grad_norm': 18.60125732421875}
2022-12-30 14:54:01.443 DEBUG: Taking gradient step
2022-12-30 14:54:04.220 DEBUG: Loss 3: {'policy_loss': -0.028704614725844714, 'entropy_loss': -0.07629980705678463, 'vf_loss': 0.21514710010002416, 'total_loss': -0.10500442178262934, 'approx_kl': -0.05059469444677234, 'clip_fraction': 0.34765625, 'grad_norm': 17.268630981445312}
2022-12-30 14:54:07.089 DEBUG: Taking gradient step
2022-12-30 14:54:09.966 DEBUG: Loss 4: {'policy_loss': 0.038694678368058094, 'entropy_loss': -0.07550464011728764, 'vf_loss': 0.2171461762286955, 'total_loss': -0.03680996174922954, 'approx_kl': -0.07566063711419702, 'clip_fraction': 0.3893229216337204, 'grad_norm': 32.15809631347656}
2022-12-30 14:54:12.809 DEBUG: Taking gradient step
2022-12-30 14:54:15.647 DEBUG: Loss 5: {'policy_loss': 0.07747509008465972, 'entropy_loss': -0.07406551204621792, 'vf_loss': 0.22254014027494706, 'total_loss': 0.0034095780384418017, 'approx_kl': -0.04863740752625745, 'clip_fraction': 0.4557291716337204, 'grad_norm': 13.526419639587402}
2022-12-30 14:54:18.476 DEBUG: Taking gradient step
2022-12-30 14:54:21.227 DEBUG: Loss 6: {'policy_loss': 0.06272217016375889, 'entropy_loss': -0.07252532802522182, 'vf_loss': 0.22051341027974208, 'total_loss': -0.009803157861462936, 'approx_kl': -0.06188821396790445, 'clip_fraction': 0.5, 'grad_norm': 17.742712020874023}
2022-12-30 14:54:24.075 DEBUG: Taking gradient step
2022-12-30 14:54:26.928 DEBUG: Loss 7: {'policy_loss': 0.151696526383856, 'entropy_loss': -0.07085888087749481, 'vf_loss': 0.23089425083926174, 'total_loss': 0.0808376455063612, 'approx_kl': -0.06276144925504923, 'clip_fraction': 0.5078125, 'grad_norm': 10.833456993103027}
2022-12-30 14:54:29.785 DEBUG: Taking gradient step
2022-12-30 14:54:32.514 DEBUG: Loss 8: {'policy_loss': 0.07079937399631764, 'entropy_loss': -0.07063289545476437, 'vf_loss': 0.21796724544653684, 'total_loss': 0.00016647854155327213, 'approx_kl': -0.08005932625383139, 'clip_fraction': 0.4609375, 'grad_norm': 13.179658889770508}
2022-12-30 14:54:35.299 DEBUG: Taking gradient step
2022-12-30 14:54:38.087 DEBUG: Loss 9: {'policy_loss': 0.14111436923105403, 'entropy_loss': -0.07081844285130501, 'vf_loss': 0.2334610074657473, 'total_loss': 0.07029592637974902, 'approx_kl': -0.0935368062928319, 'clip_fraction': 0.45703125, 'grad_norm': 14.767513275146484}
2022-12-30 14:54:38.088 INFO: Optimization: policy loss=0.141, vf loss=0.233, entropy loss=-0.071, total loss=0.070, num steps=10
2022-12-30 14:54:38.089 DEBUG: Saving info: runs/CH3NO_int/results/CH3NO_int_run-1_opt.txt
2022-12-30 14:54:38.941 DEBUG: Atoms are too close
2022-12-30 14:54:38.943 INFO: Evaluation rollout: return=-19.619 (0.0), episode length=4.0
2022-12-30 14:54:38.943 DEBUG: Saving info: runs/CH3NO_int/results/CH3NO_int_run-1_eval.txt
2022-12-30 14:54:38.945 INFO: Iteration: 3/137, steps: 648
2022-12-30 14:54:41.408 DEBUG: There is a single atom floating around
2022-12-30 14:54:42.253 DEBUG: There is a single atom floating around
2022-12-30 14:54:42.775 DEBUG: There is a single atom floating around
2022-12-30 14:54:42.777 DEBUG: There is a single atom floating around
2022-12-30 14:54:43.163 DEBUG: There is a single atom floating around
2022-12-30 14:54:46.975 DEBUG: Atoms are too close
2022-12-30 14:54:46.975 DEBUG: There is a single atom floating around
2022-12-30 14:54:46.976 DEBUG: Atoms are too close
2022-12-30 14:54:46.977 DEBUG: Atoms are too close
2022-12-30 14:54:48.991 DEBUG: Atoms are too close
2022-12-30 14:54:50.109 DEBUG: Atoms are too close
2022-12-30 14:54:52.302 DEBUG: There is a single atom floating around
2022-12-30 14:54:52.582 DEBUG: Atoms are too close
2022-12-30 14:54:57.782 DEBUG: Atoms are too close
2022-12-30 14:54:57.785 DEBUG: There is a single atom floating around
2022-12-30 14:54:57.786 DEBUG: Atoms are too close
2022-12-30 14:54:59.962 DEBUG: Atoms are too close
2022-12-30 14:55:01.186 DEBUG: Atoms are too close
2022-12-30 14:55:01.470 DEBUG: Atoms are too close
2022-12-30 14:55:03.006 DEBUG: Atoms are too close
2022-12-30 14:55:06.979 DEBUG: Atoms are too close
2022-12-30 14:55:08.225 DEBUG: Atoms are too close
2022-12-30 14:55:10.628 DEBUG: Atoms are too close
2022-12-30 14:55:12.796 DEBUG: Atoms are too close
2022-12-30 14:55:14.058 DEBUG: Atoms are too close
2022-12-30 14:55:14.060 DEBUG: Atoms are too close
2022-12-30 14:55:14.713 DEBUG: Atoms are too close
2022-12-30 14:55:19.868 DEBUG: Atoms are too close
2022-12-30 14:55:20.526 DEBUG: Atoms are too close
2022-12-30 14:55:26.120 INFO: Training rollout: return=-13.870 (9.1), episode length=4.5
2022-12-30 14:55:26.122 DEBUG: Saving info: runs/CH3NO_int/results/CH3NO_int_run-1_train.txt
2022-12-30 14:55:26.124 DEBUG: Saving rollout: runs/CH3NO_int/data/CH3NO_int_run-1_steps-648_train.pkl
2022-12-30 14:55:28.867 DEBUG: Taking gradient step
2022-12-30 14:55:31.579 DEBUG: Loss 0: {'policy_loss': -0.04272110976696231, 'entropy_loss': -0.07113026827573776, 'vf_loss': 0.19840344132272714, 'total_loss': -0.11385137804270007, 'approx_kl': -2.5300931127958393e-08, 'clip_fraction': 0.0, 'grad_norm': 17.854053497314453}
2022-12-30 14:55:34.250 DEBUG: Taking gradient step
2022-12-30 14:55:36.922 DEBUG: Loss 1: {'policy_loss': -0.02841873136279803, 'entropy_loss': -0.0721026100218296, 'vf_loss': 0.1984479520688872, 'total_loss': -0.10052134138462762, 'approx_kl': -0.006732910871505737, 'clip_fraction': 0.06640625, 'grad_norm': 19.041202545166016}
2022-12-30 14:55:39.570 DEBUG: Taking gradient step
2022-12-30 14:55:42.228 DEBUG: Loss 2: {'policy_loss': 0.08845284526378372, 'entropy_loss': -0.07303771749138832, 'vf_loss': 0.21165542849424243, 'total_loss': 0.015415127772395391, 'approx_kl': -0.02610126882791519, 'clip_fraction': 0.24609375, 'grad_norm': 27.79140281677246}
2022-12-30 14:55:44.937 DEBUG: Taking gradient step
2022-12-30 14:55:47.521 DEBUG: Loss 3: {'policy_loss': 0.12056433219409506, 'entropy_loss': -0.07109047286212444, 'vf_loss': 0.20394071136872105, 'total_loss': 0.0494738593319706, 'approx_kl': -0.029613699996843934, 'clip_fraction': 0.3997395858168602, 'grad_norm': 30.681058883666992}
2022-12-30 14:55:49.917 DEBUG: Taking gradient step
2022-12-30 14:55:52.285 DEBUG: Loss 4: {'policy_loss': 0.16005244157640366, 'entropy_loss': -0.07110202312469482, 'vf_loss': 0.20978859310431794, 'total_loss': 0.08895041845170884, 'approx_kl': -0.06407941691577435, 'clip_fraction': 0.37109375, 'grad_norm': 33.00397872924805}
2022-12-30 14:55:54.745 DEBUG: Taking gradient step
2022-12-30 14:55:57.055 DEBUG: Loss 5: {'policy_loss': 0.18740128330835915, 'entropy_loss': -0.06864766217768192, 'vf_loss': 0.2092010734882574, 'total_loss': 0.11875362113067724, 'approx_kl': -0.10319833923131227, 'clip_fraction': 0.3958333358168602, 'grad_norm': 38.7207145690918}
2022-12-30 14:55:59.426 DEBUG: Taking gradient step
2022-12-30 14:56:01.776 DEBUG: Loss 6: {'policy_loss': 0.13258677436829117, 'entropy_loss': -0.06827986612915993, 'vf_loss': 0.20408890663357282, 'total_loss': 0.06430690823913124, 'approx_kl': -0.07227130606770515, 'clip_fraction': 0.4518229216337204, 'grad_norm': 35.1959228515625}
2022-12-30 14:56:04.243 DEBUG: Taking gradient step
2022-12-30 14:56:06.631 DEBUG: Loss 7: {'policy_loss': 0.19259573302246868, 'entropy_loss': -0.06783307157456875, 'vf_loss': 0.2114300984839267, 'total_loss': 0.12476266144789995, 'approx_kl': -0.09965658187866211, 'clip_fraction': 0.4088541716337204, 'grad_norm': 37.05961608886719}
2022-12-30 14:56:08.562 DEBUG: Taking gradient step
2022-12-30 14:56:10.519 DEBUG: Loss 8: {'policy_loss': 0.10103934387915778, 'entropy_loss': -0.0673800241202116, 'vf_loss': 0.20117082208711526, 'total_loss': 0.033659319758946156, 'approx_kl': -0.10750034637749195, 'clip_fraction': 0.45703125, 'grad_norm': 24.846023559570312}
2022-12-30 14:56:12.519 DEBUG: Taking gradient step
2022-12-30 14:56:14.501 DEBUG: Loss 9: {'policy_loss': 0.18312135954012687, 'entropy_loss': -0.06756472960114479, 'vf_loss': 0.2099303478683422, 'total_loss': 0.11555662993898208, 'approx_kl': -0.1351814679801464, 'clip_fraction': 0.4830729216337204, 'grad_norm': 28.845813751220703}
2022-12-30 14:56:14.501 INFO: Optimization: policy loss=0.183, vf loss=0.210, entropy loss=-0.068, total loss=0.116, num steps=10
2022-12-30 14:56:14.502 DEBUG: Saving info: runs/CH3NO_int/results/CH3NO_int_run-1_opt.txt
2022-12-30 14:56:15.205 DEBUG: Atoms are too close
2022-12-30 14:56:15.207 INFO: Evaluation rollout: return=-19.618 (0.0), episode length=4.0
2022-12-30 14:56:15.207 DEBUG: Saving info: runs/CH3NO_int/results/CH3NO_int_run-1_eval.txt
2022-12-30 14:56:15.209 INFO: Iteration: 4/137, steps: 864
2022-12-30 14:56:23.372 DEBUG: Atoms are too close
2022-12-30 14:56:23.639 DEBUG: Atoms are too close
2022-12-30 14:56:24.184 DEBUG: Atoms are too close
2022-12-30 14:56:24.438 DEBUG: Atoms are too close
2022-12-30 14:56:25.219 DEBUG: Atoms are too close
2022-12-30 14:56:25.834 DEBUG: Atoms are too close
2022-12-30 14:56:25.835 DEBUG: Atoms are too close
2022-12-30 14:56:27.690 DEBUG: Atoms are too close
2022-12-30 14:56:28.461 DEBUG: Atoms are too close
2022-12-30 14:56:28.462 DEBUG: There is a single atom floating around
2022-12-30 14:56:30.446 DEBUG: There is a single atom floating around
2022-12-30 14:56:33.289 DEBUG: There is a single atom floating around
2022-12-30 14:56:34.873 DEBUG: Atoms are too close
2022-12-30 14:56:34.874 DEBUG: Atoms are too close
2022-12-30 14:56:34.875 DEBUG: Atoms are too close
2022-12-30 14:56:37.738 DEBUG: Atoms are too close
2022-12-30 14:56:38.000 DEBUG: Atoms are too close
2022-12-30 14:56:38.830 DEBUG: Atoms are too close
2022-12-30 14:56:38.831 DEBUG: Atoms are too close
2022-12-30 14:56:39.176 DEBUG: There is a single atom floating around
2022-12-30 14:56:39.177 DEBUG: There is a single atom floating around
2022-12-30 14:56:39.623 DEBUG: Atoms are too close
2022-12-30 14:56:40.054 DEBUG: Atoms are too close
2022-12-30 14:56:40.055 DEBUG: Atoms are too close
2022-12-30 14:56:41.845 DEBUG: Atoms are too close
2022-12-30 14:56:46.928 DEBUG: Atoms are too close
2022-12-30 14:56:47.783 DEBUG: There is a single atom floating around
2022-12-30 14:56:48.945 DEBUG: Atoms are too close
2022-12-30 14:56:49.773 DEBUG: Atoms are too close
2022-12-30 14:56:50.476 DEBUG: Atoms are too close
2022-12-30 14:56:51.818 DEBUG: Atoms are too close
2022-12-30 14:56:52.234 DEBUG: Atoms are too close
2022-12-30 14:56:52.940 DEBUG: Atoms are too close
2022-12-30 14:56:56.069 DEBUG: Atoms are too close
2022-12-30 14:56:57.698 DEBUG: Atoms are too close
2022-12-30 14:56:59.035 INFO: Training rollout: return=-16.088 (7.5), episode length=4.5
2022-12-30 14:56:59.036 DEBUG: Saving info: runs/CH3NO_int/results/CH3NO_int_run-1_train.txt
2022-12-30 14:56:59.039 DEBUG: Saving rollout: runs/CH3NO_int/data/CH3NO_int_run-1_steps-864_train.pkl
2022-12-30 14:57:01.904 DEBUG: Taking gradient step
2022-12-30 14:57:04.734 DEBUG: Loss 0: {'policy_loss': 0.0006754836427186437, 'entropy_loss': -0.06883288733661175, 'vf_loss': 0.26899954209532106, 'total_loss': -0.0681574036938931, 'approx_kl': 6.891787052154541e-08, 'clip_fraction': 0.0, 'grad_norm': 13.558741569519043}
2022-12-30 14:57:07.451 DEBUG: Taking gradient step
2022-12-30 14:57:10.097 DEBUG: Loss 1: {'policy_loss': 0.00456937237083695, 'entropy_loss': -0.0684554185718298, 'vf_loss': 0.26809537213316603, 'total_loss': -0.06388604620099285, 'approx_kl': -0.013235540012829006, 'clip_fraction': 0.04036458395421505, 'grad_norm': 12.934234619140625}
2022-12-30 14:57:12.842 DEBUG: Taking gradient step
2022-12-30 14:57:15.477 DEBUG: Loss 2: {'policy_loss': 0.027252584542899597, 'entropy_loss': -0.06834620237350464, 'vf_loss': 0.26791502342171813, 'total_loss': -0.04109361783060504, 'approx_kl': -0.023915525060147047, 'clip_fraction': 0.22265625, 'grad_norm': 19.428375244140625}
2022-12-30 14:57:18.167 DEBUG: Taking gradient step
2022-12-30 14:57:20.854 DEBUG: Loss 3: {'policy_loss': 0.0004639066538737885, 'entropy_loss': -0.06798548623919487, 'vf_loss': 0.2602198177319874, 'total_loss': -0.06752157958532107, 'approx_kl': -0.03364495001733303, 'clip_fraction': 0.2786458358168602, 'grad_norm': 17.61881446838379}
2022-12-30 14:57:23.458 DEBUG: Taking gradient step
2022-12-30 14:57:26.101 DEBUG: Loss 4: {'policy_loss': 0.06162859668785171, 'entropy_loss': -0.06670393981039524, 'vf_loss': 0.2682514398574955, 'total_loss': -0.005075343122543537, 'approx_kl': -0.04970976027107099, 'clip_fraction': 0.3372395858168602, 'grad_norm': 13.257488250732422}
2022-12-30 14:57:28.861 DEBUG: Taking gradient step
2022-12-30 14:57:31.531 DEBUG: Loss 5: {'policy_loss': 0.06065869628945546, 'entropy_loss': -0.06606346182525158, 'vf_loss': 0.26840218977994446, 'total_loss': -0.005404765535796122, 'approx_kl': -0.06959774112328887, 'clip_fraction': 0.3815104216337204, 'grad_norm': 12.279193878173828}
2022-12-30 14:57:34.347 DEBUG: Taking gradient step
2022-12-30 14:57:37.100 DEBUG: Loss 6: {'policy_loss': 0.07926186669045848, 'entropy_loss': -0.06503570079803467, 'vf_loss': 0.2702613280523565, 'total_loss': 0.014226165892423818, 'approx_kl': -0.06627974449656904, 'clip_fraction': 0.3307291679084301, 'grad_norm': 10.729323387145996}
2022-12-30 14:57:39.815 DEBUG: Taking gradient step
2022-12-30 14:57:42.412 DEBUG: Loss 7: {'policy_loss': 0.040048698332386085, 'entropy_loss': -0.06350837275385857, 'vf_loss': 0.2603080541679641, 'total_loss': -0.02345967442147248, 'approx_kl': -0.08166814688593149, 'clip_fraction': 0.3815104216337204, 'grad_norm': 17.02788543701172}
2022-12-30 14:57:45.029 DEBUG: Taking gradient step
2022-12-30 14:57:47.711 DEBUG: Loss 8: {'policy_loss': 0.12340516590704076, 'entropy_loss': -0.06335330754518509, 'vf_loss': 0.27069645669722525, 'total_loss': 0.06005185836185567, 'approx_kl': -0.09896297007799149, 'clip_fraction': 0.42578125, 'grad_norm': 18.35738182067871}
2022-12-30 14:57:50.406 DEBUG: Taking gradient step
2022-12-30 14:57:53.065 DEBUG: Loss 9: {'policy_loss': 0.12552793728393666, 'entropy_loss': -0.062451411969959736, 'vf_loss': 0.2701786490882634, 'total_loss': 0.06307652531397692, 'approx_kl': -0.11095228884369135, 'clip_fraction': 0.44140625, 'grad_norm': 11.227270126342773}
2022-12-30 14:57:53.066 INFO: Optimization: policy loss=0.126, vf loss=0.270, entropy loss=-0.062, total loss=0.063, num steps=10
2022-12-30 14:57:53.066 DEBUG: Saving info: runs/CH3NO_int/results/CH3NO_int_run-1_opt.txt
2022-12-30 14:57:53.946 DEBUG: Atoms are too close
2022-12-30 14:57:53.948 INFO: Evaluation rollout: return=-19.618 (0.0), episode length=4.0
2022-12-30 14:57:53.948 DEBUG: Saving info: runs/CH3NO_int/results/CH3NO_int_run-1_eval.txt
2022-12-30 14:57:53.950 INFO: Iteration: 5/137, steps: 1080
2022-12-30 14:57:56.620 DEBUG: There is a single atom floating around
2022-12-30 14:58:02.334 DEBUG: Atoms are too close
2022-12-30 14:58:02.613 DEBUG: Atoms are too close
2022-12-30 14:58:03.774 DEBUG: Atoms are too close
2022-12-30 14:58:03.775 DEBUG: Atoms are too close
2022-12-30 14:58:04.900 DEBUG: Atoms are too close
2022-12-30 14:58:05.582 DEBUG: Atoms are too close
2022-12-30 14:58:05.583 DEBUG: Atoms are too close
2022-12-30 14:58:05.860 DEBUG: Atoms are too close
2022-12-30 14:58:06.126 DEBUG: Atoms are too close
2022-12-30 14:58:06.218 DEBUG: There is a single atom floating around
2022-12-30 14:58:07.754 DEBUG: There is a single atom floating around
2022-12-30 14:58:08.816 DEBUG: Atoms are too close
2022-12-30 14:58:08.817 DEBUG: Atoms are too close
2022-12-30 14:58:10.705 DEBUG: There is a single atom floating around
2022-12-30 14:58:15.379 DEBUG: Atoms are too close
2022-12-30 14:58:15.641 DEBUG: Atoms are too close
2022-12-30 14:58:16.523 DEBUG: Atoms are too close
2022-12-30 14:58:17.064 DEBUG: Atoms are too close
2022-12-30 14:58:19.441 DEBUG: Atoms are too close
2022-12-30 14:58:19.572 DEBUG: Atoms are too close
2022-12-30 14:58:19.573 DEBUG: Atoms are too close
2022-12-30 14:58:20.361 DEBUG: Atoms are too close
2022-12-30 14:58:21.250 DEBUG: Atoms are too close
2022-12-30 14:58:22.177 DEBUG: Atoms are too close
2022-12-30 14:58:22.789 DEBUG: Atoms are too close
2022-12-30 14:58:27.232 DEBUG: Atoms are too close
2022-12-30 14:58:28.656 DEBUG: Atoms are too close
2022-12-30 14:58:28.913 DEBUG: Atoms are too close
2022-12-30 14:58:30.605 DEBUG: Atoms are too close
2022-12-30 14:58:31.513 DEBUG: Atoms are too close
2022-12-30 14:58:32.721 DEBUG: Atoms are too close
2022-12-30 14:58:32.945 DEBUG: Atoms are too close
2022-12-30 14:58:34.122 DEBUG: Atoms are too close
2022-12-30 14:58:37.136 DEBUG: Atoms are too close
2022-12-30 14:58:38.036 INFO: Training rollout: return=-16.959 (7.2), episode length=4.7
2022-12-30 14:58:38.037 DEBUG: Saving info: runs/CH3NO_int/results/CH3NO_int_run-1_train.txt
2022-12-30 14:58:38.040 DEBUG: Saving rollout: runs/CH3NO_int/data/CH3NO_int_run-1_steps-1080_train.pkl
2022-12-30 14:58:40.617 DEBUG: Taking gradient step
2022-12-30 14:58:42.940 DEBUG: Loss 0: {'policy_loss': 0.02005900151566042, 'entropy_loss': -0.06270760763436556, 'vf_loss': 0.30190552689263206, 'total_loss': -0.04264860611870514, 'approx_kl': -3.236345946788788e-08, 'clip_fraction': 0.0, 'grad_norm': 17.42530059814453}
2022-12-30 14:58:45.253 DEBUG: Taking gradient step
2022-12-30 14:58:47.556 DEBUG: Loss 1: {'policy_loss': -0.02271852467488756, 'entropy_loss': -0.0605152640491724, 'vf_loss': 0.2938119656928788, 'total_loss': -0.08323378872405995, 'approx_kl': -0.007459069136530161, 'clip_fraction': 0.06901041697710752, 'grad_norm': 13.575833320617676}
2022-12-30 14:58:49.817 DEBUG: Taking gradient step
2022-12-30 14:58:52.103 DEBUG: Loss 2: {'policy_loss': 0.03228597947309236, 'entropy_loss': -0.06011680606752634, 'vf_loss': 0.2998340340652596, 'total_loss': -0.02783082659443397, 'approx_kl': -0.019574193051084876, 'clip_fraction': 0.3059895858168602, 'grad_norm': 16.583940505981445}
2022-12-30 14:58:54.425 DEBUG: Taking gradient step
2022-12-30 14:58:56.685 DEBUG: Loss 3: {'policy_loss': 0.023471266247254416, 'entropy_loss': -0.05968990735709667, 'vf_loss': 0.2931665028843543, 'total_loss': -0.036218641109842256, 'approx_kl': -0.027741444297134876, 'clip_fraction': 0.28515625, 'grad_norm': 13.680586814880371}
2022-12-30 14:58:58.984 DEBUG: Taking gradient step
2022-12-30 14:59:01.029 DEBUG: Loss 4: {'policy_loss': 0.08638081605440004, 'entropy_loss': -0.05739399138838053, 'vf_loss': 0.3049612995293604, 'total_loss': 0.02898682466601952, 'approx_kl': -0.06647346168756485, 'clip_fraction': 0.3151041716337204, 'grad_norm': 12.079586029052734}
2022-12-30 14:59:02.839 DEBUG: Taking gradient step
2022-12-30 14:59:04.670 DEBUG: Loss 5: {'policy_loss': 0.04898566935377042, 'entropy_loss': -0.05611532647162676, 'vf_loss': 0.2969907072864196, 'total_loss': -0.007129657117856337, 'approx_kl': -0.05566763086244464, 'clip_fraction': 0.4453125, 'grad_norm': 15.896486282348633}
2022-12-30 14:59:06.550 DEBUG: Taking gradient step
2022-12-30 14:59:08.422 DEBUG: Loss 6: {'policy_loss': 0.13342026276650693, 'entropy_loss': -0.05532946530729532, 'vf_loss': 0.30973482529333063, 'total_loss': 0.0780907974592116, 'approx_kl': -0.05949000734835863, 'clip_fraction': 0.421875, 'grad_norm': 15.773722648620605}
2022-12-30 14:59:10.268 DEBUG: Taking gradient step
2022-12-30 14:59:12.066 DEBUG: Loss 7: {'policy_loss': 0.1344598365268946, 'entropy_loss': -0.05546099320054054, 'vf_loss': 0.30731382204006397, 'total_loss': 0.07899884332635407, 'approx_kl': -0.08524337783455849, 'clip_fraction': 0.3736979216337204, 'grad_norm': 14.487312316894531}
2022-12-30 14:59:13.876 DEBUG: Taking gradient step
2022-12-30 14:59:15.683 DEBUG: Loss 8: {'policy_loss': 0.07595625996243878, 'entropy_loss': -0.05398781318217516, 'vf_loss': 0.2998217841344939, 'total_loss': 0.021968446780263606, 'approx_kl': -0.11290937662124634, 'clip_fraction': 0.4388020932674408, 'grad_norm': 19.018381118774414}
2022-12-30 14:59:17.479 DEBUG: Taking gradient step
2022-12-30 14:59:19.290 DEBUG: Loss 9: {'policy_loss': 0.10475598486342935, 'entropy_loss': -0.055990664288401604, 'vf_loss': 0.3015184633661893, 'total_loss': 0.048765320575027755, 'approx_kl': -0.10917492117732763, 'clip_fraction': 0.3776041716337204, 'grad_norm': 22.956714630126953}
2022-12-30 14:59:19.290 INFO: Optimization: policy loss=0.105, vf loss=0.302, entropy loss=-0.056, total loss=0.049, num steps=10
2022-12-30 14:59:19.291 DEBUG: Saving info: runs/CH3NO_int/results/CH3NO_int_run-1_opt.txt
2022-12-30 14:59:19.995 DEBUG: Atoms are too close
2022-12-30 14:59:19.996 INFO: Evaluation rollout: return=-19.624 (0.0), episode length=4.0
2022-12-30 14:59:19.997 DEBUG: Saving info: runs/CH3NO_int/results/CH3NO_int_run-1_eval.txt
2022-12-30 14:59:19.999 INFO: Iteration: 6/137, steps: 1296
2022-12-30 14:59:27.221 DEBUG: Atoms are too close
2022-12-30 14:59:28.169 DEBUG: Atoms are too close
2022-12-30 14:59:29.178 DEBUG: Atoms are too close
2022-12-30 14:59:29.785 DEBUG: Atoms are too close
2022-12-30 14:59:29.967 DEBUG: Atoms are too close
2022-12-30 14:59:29.968 DEBUG: Atoms are too close
2022-12-30 14:59:30.337 DEBUG: Atoms are too close
2022-12-30 14:59:30.338 DEBUG: Atoms are too close
2022-12-30 14:59:31.233 DEBUG: There is a single atom floating around
2022-12-30 14:59:32.533 DEBUG: Atoms are too close
2022-12-30 14:59:32.816 DEBUG: Atoms are too close
2022-12-30 14:59:32.817 DEBUG: Atoms are too close
2022-12-30 14:59:35.412 DEBUG: There is a single atom floating around
2022-12-30 14:59:37.618 DEBUG: Atoms are too close
2022-12-30 14:59:39.183 DEBUG: Atoms are too close
2022-12-30 14:59:39.449 DEBUG: Atoms are too close
2022-12-30 14:59:40.383 DEBUG: Atoms are too close
2022-12-30 14:59:40.646 DEBUG: Atoms are too close
2022-12-30 14:59:41.818 DEBUG: Atoms are too close
2022-12-30 14:59:43.229 DEBUG: Atoms are too close
2022-12-30 14:59:43.771 DEBUG: Atoms are too close
2022-12-30 14:59:44.681 DEBUG: Atoms are too close
2022-12-30 14:59:44.682 DEBUG: There is a single atom floating around
2022-12-30 14:59:44.683 DEBUG: Atoms are too close
2022-12-30 14:59:44.683 DEBUG: There is a single atom floating around
2022-12-30 14:59:45.978 DEBUG: Atoms are too close
2022-12-30 14:59:49.367 DEBUG: There is a single atom floating around
2022-12-30 14:59:51.071 DEBUG: Atoms are too close
2022-12-30 14:59:52.912 DEBUG: Atoms are too close
2022-12-30 14:59:52.913 DEBUG: Atoms are too close
2022-12-30 14:59:55.169 DEBUG: Atoms are too close
2022-12-30 14:59:55.450 DEBUG: Atoms are too close
2022-12-30 14:59:57.911 DEBUG: There is a single atom floating around
2022-12-30 15:00:03.019 INFO: Training rollout: return=-15.963 (7.8), episode length=4.6
2022-12-30 15:00:03.020 DEBUG: Saving info: runs/CH3NO_int/results/CH3NO_int_run-1_train.txt
2022-12-30 15:00:03.022 DEBUG: Saving rollout: runs/CH3NO_int/data/CH3NO_int_run-1_steps-1296_train.pkl
2022-12-30 15:00:05.680 DEBUG: Taking gradient step
2022-12-30 15:00:08.126 DEBUG: Loss 0: {'policy_loss': 0.04267869068945087, 'entropy_loss': -0.0539529649540782, 'vf_loss': 0.27502335600338707, 'total_loss': -0.01127427426462732, 'approx_kl': -4.2782630771398544e-08, 'clip_fraction': 0.0, 'grad_norm': 7.874920845031738}
2022-12-30 15:00:10.714 DEBUG: Taking gradient step
2022-12-30 15:00:13.176 DEBUG: Loss 1: {'policy_loss': 0.005469733698702945, 'entropy_loss': -0.05448488984256983, 'vf_loss': 0.26826284275569795, 'total_loss': -0.04901515614386689, 'approx_kl': -0.0018424903973937035, 'clip_fraction': 0.1653645858168602, 'grad_norm': 27.90174102783203}
2022-12-30 15:00:15.719 DEBUG: Taking gradient step
2022-12-30 15:00:18.317 DEBUG: Loss 2: {'policy_loss': 0.03626757568363143, 'entropy_loss': -0.05412624217569828, 'vf_loss': 0.2654842306029077, 'total_loss': -0.017858666492066848, 'approx_kl': -0.02906254632398486, 'clip_fraction': 0.3528645858168602, 'grad_norm': 41.07568359375}
2022-12-30 15:00:20.803 DEBUG: Taking gradient step
2022-12-30 15:00:23.330 DEBUG: Loss 3: {'policy_loss': 0.06974510973137196, 'entropy_loss': -0.05222479160875082, 'vf_loss': 0.2684740924760713, 'total_loss': 0.01752031812262114, 'approx_kl': -0.04035174613818526, 'clip_fraction': 0.3997395858168602, 'grad_norm': 27.277149200439453}
2022-12-30 15:00:25.812 DEBUG: Taking gradient step
2022-12-30 15:00:28.248 DEBUG: Loss 4: {'policy_loss': 0.050921284626973796, 'entropy_loss': -0.053053089417517185, 'vf_loss': 0.2643850326154334, 'total_loss': -0.0021318047905433887, 'approx_kl': -0.02019683737307787, 'clip_fraction': 0.421875, 'grad_norm': 23.780452728271484}
2022-12-30 15:00:30.789 DEBUG: Taking gradient step
2022-12-30 15:00:33.305 DEBUG: Loss 5: {'policy_loss': 0.047909771781786126, 'entropy_loss': -0.05251313280314207, 'vf_loss': 0.26994277985902776, 'total_loss': -0.004603361021355938, 'approx_kl': -0.05722389742732048, 'clip_fraction': 0.3489583358168602, 'grad_norm': 22.528898239135742}
2022-12-30 15:00:35.849 DEBUG: Taking gradient step
2022-12-30 15:00:38.323 DEBUG: Loss 6: {'policy_loss': -0.0301188817243684, 'entropy_loss': -0.05028580501675606, 'vf_loss': 0.2549330796264797, 'total_loss': -0.08040468674112444, 'approx_kl': -0.05671917647123337, 'clip_fraction': 0.4049479216337204, 'grad_norm': 25.33412742614746}
2022-12-30 15:00:40.906 DEBUG: Taking gradient step
2022-12-30 15:00:43.448 DEBUG: Loss 7: {'policy_loss': 0.08820647178481973, 'entropy_loss': -0.048737418837845325, 'vf_loss': 0.27518024920724404, 'total_loss': 0.0394690529469744, 'approx_kl': -0.071366545278579, 'clip_fraction': 0.3190104216337204, 'grad_norm': 14.736075401306152}
2022-12-30 15:00:46.009 DEBUG: Taking gradient step
2022-12-30 15:00:48.497 DEBUG: Loss 8: {'policy_loss': 0.058569711096299736, 'entropy_loss': -0.048545487225055695, 'vf_loss': 0.27065169840476677, 'total_loss': 0.010024223871244041, 'approx_kl': -0.07385018654167652, 'clip_fraction': 0.37109375, 'grad_norm': 10.51711654663086}
2022-12-30 15:00:51.070 DEBUG: Taking gradient step
2022-12-30 15:00:53.544 DEBUG: Loss 9: {'policy_loss': 0.04538963674327166, 'entropy_loss': -0.048213379457592964, 'vf_loss': 0.2595961993928712, 'total_loss': -0.0028237427143213076, 'approx_kl': -0.06585352076217532, 'clip_fraction': 0.453125, 'grad_norm': 29.552562713623047}
2022-12-30 15:00:53.545 INFO: Optimization: policy loss=0.045, vf loss=0.260, entropy loss=-0.048, total loss=-0.003, num steps=10
2022-12-30 15:00:53.546 DEBUG: Saving info: runs/CH3NO_int/results/CH3NO_int_run-1_opt.txt
2022-12-30 15:00:54.371 DEBUG: Atoms are too close
2022-12-30 15:00:54.373 INFO: Evaluation rollout: return=-19.611 (0.0), episode length=4.0
2022-12-30 15:00:54.373 DEBUG: Saving info: runs/CH3NO_int/results/CH3NO_int_run-1_eval.txt
2022-12-30 15:00:54.376 INFO: Iteration: 7/137, steps: 1512
2022-12-30 15:00:58.233 DEBUG: There is a single atom floating around
2022-12-30 15:01:02.304 DEBUG: Atoms are too close
2022-12-30 15:01:02.305 DEBUG: Atoms are too close
2022-12-30 15:01:02.306 DEBUG: Atoms are too close
2022-12-30 15:01:02.306 DEBUG: Atoms are too close
2022-12-30 15:01:04.147 DEBUG: Atoms are too close
2022-12-30 15:01:04.782 DEBUG: Atoms are too close
2022-12-30 15:01:04.784 DEBUG: Atoms are too close
2022-12-30 15:01:07.134 DEBUG: There is a single atom floating around
2022-12-30 15:01:07.633 DEBUG: Atoms are too close
2022-12-30 15:01:10.563 DEBUG: Atoms are too close
2022-12-30 15:01:11.460 DEBUG: Atoms are too close
2022-12-30 15:01:11.461 DEBUG: Atoms are too close
2022-12-30 15:01:13.434 DEBUG: Atoms are too close
2022-12-30 15:01:14.584 DEBUG: Atoms are too close
2022-12-30 15:01:16.935 DEBUG: Atoms are too close
2022-12-30 15:01:17.591 DEBUG: Atoms are too close
2022-12-30 15:01:19.560 DEBUG: Atoms are too close
2022-12-30 15:01:19.825 DEBUG: Atoms are too close
2022-12-30 15:01:19.959 DEBUG: Atoms are too close
2022-12-30 15:01:20.222 DEBUG: Atoms are too close
2022-12-30 15:01:20.556 DEBUG: There is a single atom floating around
2022-12-30 15:01:22.263 DEBUG: Atoms are too close
2022-12-30 15:01:22.399 DEBUG: Atoms are too close
2022-12-30 15:01:23.394 DEBUG: There is a single atom floating around
2022-12-30 15:01:24.571 DEBUG: There is a single atom floating around
2022-12-30 15:01:25.050 DEBUG: Atoms are too close
2022-12-30 15:01:25.051 DEBUG: Atoms are too close
2022-12-30 15:01:25.051 DEBUG: Atoms are too close
2022-12-30 15:01:25.181 DEBUG: Atoms are too close
2022-12-30 15:01:25.985 DEBUG: There is a single atom floating around
2022-12-30 15:01:27.507 DEBUG: Atoms are too close
2022-12-30 15:01:27.509 DEBUG: Atoms are too close
2022-12-30 15:01:31.099 DEBUG: Atoms are too close
2022-12-30 15:01:31.214 DEBUG: Atoms are too close
2022-12-30 15:01:31.967 DEBUG: Atoms are too close
2022-12-30 15:01:33.928 DEBUG: Atoms are too close
2022-12-30 15:01:34.193 DEBUG: Atoms are too close
2022-12-30 15:01:36.135 INFO: Training rollout: return=-17.617 (6.2), episode length=4.4
2022-12-30 15:01:36.136 DEBUG: Saving info: runs/CH3NO_int/results/CH3NO_int_run-1_train.txt
2022-12-30 15:01:36.139 DEBUG: Saving rollout: runs/CH3NO_int/data/CH3NO_int_run-1_steps-1512_train.pkl
2022-12-30 15:01:38.466 DEBUG: Taking gradient step
2022-12-30 15:01:40.743 DEBUG: Loss 0: {'policy_loss': 0.003493748489472319, 'entropy_loss': -0.049300502985715866, 'vf_loss': 0.2991839266431138, 'total_loss': -0.045806754496243544, 'approx_kl': -4.528556019067764e-08, 'clip_fraction': 0.0, 'grad_norm': 10.950654983520508}
2022-12-30 15:01:43.096 DEBUG: Taking gradient step
2022-12-30 15:01:45.420 DEBUG: Loss 1: {'policy_loss': -0.048166309568978195, 'entropy_loss': -0.0489860400557518, 'vf_loss': 0.29231151799223254, 'total_loss': -0.09715234962472999, 'approx_kl': -0.009470969787798822, 'clip_fraction': 0.018229166977107525, 'grad_norm': 14.285663604736328}
2022-12-30 15:01:47.679 DEBUG: Taking gradient step
2022-12-30 15:01:49.945 DEBUG: Loss 2: {'policy_loss': 0.02223284959332087, 'entropy_loss': -0.047091152518987656, 'vf_loss': 0.30214508790307276, 'total_loss': -0.024858302925666785, 'approx_kl': -0.016296623623929918, 'clip_fraction': 0.08463541697710752, 'grad_norm': 10.294249534606934}
2022-12-30 15:01:52.237 DEBUG: Taking gradient step
2022-12-30 15:01:54.320 DEBUG: Loss 3: {'policy_loss': 0.06924463530557554, 'entropy_loss': -0.04600433353334665, 'vf_loss': 0.3063792604257828, 'total_loss': 0.023240301772228886, 'approx_kl': -0.028842690255260095, 'clip_fraction': 0.1927083358168602, 'grad_norm': 20.666669845581055}
2022-12-30 15:01:56.090 DEBUG: Taking gradient step
2022-12-30 15:01:57.876 DEBUG: Loss 4: {'policy_loss': 0.06152715934619907, 'entropy_loss': -0.04556561727076769, 'vf_loss': 0.3018414964516932, 'total_loss': 0.015961542075431375, 'approx_kl': -0.030505595728754997, 'clip_fraction': 0.2044270858168602, 'grad_norm': 13.966129302978516}
2022-12-30 15:01:59.706 DEBUG: Taking gradient step
2022-12-30 15:02:01.525 DEBUG: Loss 5: {'policy_loss': 0.08428636252463792, 'entropy_loss': -0.045148455537855625, 'vf_loss': 0.3017641241302803, 'total_loss': 0.039137906986782295, 'approx_kl': -0.04478259454481304, 'clip_fraction': 0.2447916679084301, 'grad_norm': 17.130300521850586}
2022-12-30 15:02:03.347 DEBUG: Taking gradient step
2022-12-30 15:02:05.194 DEBUG: Loss 6: {'policy_loss': 0.07013193515600574, 'entropy_loss': -0.042825293727219105, 'vf_loss': 0.29628296058726034, 'total_loss': 0.027306641428786638, 'approx_kl': -0.05707648489624262, 'clip_fraction': 0.3046875, 'grad_norm': 24.03755760192871}
2022-12-30 15:02:07.010 DEBUG: Taking gradient step
2022-12-30 15:02:08.843 DEBUG: Loss 7: {'policy_loss': 0.1431557181447341, 'entropy_loss': -0.042642323300242424, 'vf_loss': 0.3026542351990584, 'total_loss': 0.10051339484449169, 'approx_kl': -0.06695193145424128, 'clip_fraction': 0.3203125, 'grad_norm': 19.33793067932129}
2022-12-30 15:02:10.687 DEBUG: Taking gradient step
2022-12-30 15:02:12.512 DEBUG: Loss 8: {'policy_loss': 0.10445516765027926, 'entropy_loss': -0.04259414691478014, 'vf_loss': 0.3007139013945672, 'total_loss': 0.061861020735499116, 'approx_kl': -0.06001420505344868, 'clip_fraction': 0.2708333358168602, 'grad_norm': 20.48431396484375}
2022-12-30 15:02:14.333 DEBUG: Taking gradient step
2022-12-30 15:02:16.175 DEBUG: Loss 9: {'policy_loss': 0.07504461935364051, 'entropy_loss': -0.04326982796192169, 'vf_loss': 0.2958265829469715, 'total_loss': 0.03177479139171883, 'approx_kl': -0.06816492229700089, 'clip_fraction': 0.2760416679084301, 'grad_norm': 16.57769012451172}
2022-12-30 15:02:16.176 INFO: Optimization: policy loss=0.075, vf loss=0.296, entropy loss=-0.043, total loss=0.032, num steps=10
2022-12-30 15:02:16.177 DEBUG: Saving info: runs/CH3NO_int/results/CH3NO_int_run-1_opt.txt
2022-12-30 15:02:17.151 DEBUG: Atoms are too close
2022-12-30 15:02:17.153 INFO: Evaluation rollout: return=-19.593 (0.0), episode length=5.0
2022-12-30 15:02:17.153 DEBUG: Saving info: runs/CH3NO_int/results/CH3NO_int_run-1_eval.txt
2022-12-30 15:02:17.155 INFO: Iteration: 8/137, steps: 1728
2022-12-30 15:02:21.015 DEBUG: There is a single atom floating around
2022-12-30 15:02:24.997 DEBUG: Atoms are too close
2022-12-30 15:02:25.243 DEBUG: Atoms are too close
2022-12-30 15:02:25.244 DEBUG: Atoms are too close
2022-12-30 15:02:25.245 DEBUG: Atoms are too close
2022-12-30 15:02:26.294 DEBUG: Atoms are too close
2022-12-30 15:02:26.663 DEBUG: Atoms are too close
2022-12-30 15:02:26.792 DEBUG: Atoms are too close
2022-12-30 15:02:27.440 DEBUG: Atoms are too close
2022-12-30 15:02:27.441 DEBUG: Atoms are too close
2022-12-30 15:02:27.839 DEBUG: Atoms are too close
2022-12-30 15:02:28.673 DEBUG: There is a single atom floating around
2022-12-30 15:02:29.452 DEBUG: Atoms are too close
2022-12-30 15:02:36.886 DEBUG: Atoms are too close
2022-12-30 15:02:37.157 DEBUG: Atoms are too close
2022-12-30 15:02:37.415 DEBUG: Atoms are too close
2022-12-30 15:02:38.198 DEBUG: Atoms are too close
2022-12-30 15:02:38.316 DEBUG: Atoms are too close
2022-12-30 15:02:39.800 DEBUG: Atoms are too close
2022-12-30 15:02:41.387 DEBUG: Atoms are too close
2022-12-30 15:02:41.637 DEBUG: Atoms are too close
2022-12-30 15:02:45.923 DEBUG: Atoms are too close
2022-12-30 15:02:48.094 DEBUG: Atoms are too close
2022-12-30 15:02:49.400 DEBUG: Atoms are too close
2022-12-30 15:02:49.680 DEBUG: Atoms are too close
2022-12-30 15:02:49.943 DEBUG: There is a single atom floating around
2022-12-30 15:02:49.944 DEBUG: Atoms are too close
2022-12-30 15:02:50.203 DEBUG: Atoms are too close
2022-12-30 15:02:52.353 DEBUG: There is a single atom floating around
2022-12-30 15:02:53.515 DEBUG: There is a single atom floating around
2022-12-30 15:02:54.027 DEBUG: Atoms are too close
2022-12-30 15:02:54.295 DEBUG: There is a single atom floating around
2022-12-30 15:02:54.544 DEBUG: There is a single atom floating around
2022-12-30 15:02:54.545 DEBUG: Atoms are too close
2022-12-30 15:02:55.057 DEBUG: Atoms are too close
2022-12-30 15:02:57.849 DEBUG: Atoms are too close
2022-12-30 15:02:59.077 INFO: Training rollout: return=-16.281 (7.5), episode length=4.4
2022-12-30 15:02:59.078 DEBUG: Saving info: runs/CH3NO_int/results/CH3NO_int_run-1_train.txt
2022-12-30 15:02:59.082 DEBUG: Saving rollout: runs/CH3NO_int/data/CH3NO_int_run-1_steps-1728_train.pkl
2022-12-30 15:03:01.820 DEBUG: Taking gradient step
2022-12-30 15:03:04.416 DEBUG: Loss 0: {'policy_loss': -0.003330417607378432, 'entropy_loss': -0.043078599497675896, 'vf_loss': 0.27692768094209025, 'total_loss': -0.04640901710505432, 'approx_kl': 6.81417695602704e-08, 'clip_fraction': 0.0, 'grad_norm': 17.547332763671875}
2022-12-30 15:03:07.052 DEBUG: Taking gradient step
2022-12-30 15:03:09.692 DEBUG: Loss 1: {'policy_loss': 0.04868515882826984, 'entropy_loss': -0.04286796413362026, 'vf_loss': 0.28438622339599984, 'total_loss': 0.005817194694649579, 'approx_kl': -0.010680664563551545, 'clip_fraction': 0.049479166977107525, 'grad_norm': 12.316094398498535}
2022-12-30 15:03:12.302 DEBUG: Taking gradient step
2022-12-30 15:03:14.886 DEBUG: Loss 2: {'policy_loss': 0.028158097899257994, 'entropy_loss': -0.04332606215029955, 'vf_loss': 0.27699584902566443, 'total_loss': -0.015167964251041553, 'approx_kl': -0.028959217481315136, 'clip_fraction': 0.16796875, 'grad_norm': 11.544941902160645}
2022-12-30 15:03:17.483 DEBUG: Taking gradient step
2022-12-30 15:03:20.017 DEBUG: Loss 3: {'policy_loss': 0.10441305413147253, 'entropy_loss': -0.04322481527924538, 'vf_loss': 0.2846730690601764, 'total_loss': 0.06118823885222715, 'approx_kl': -0.041408831253647804, 'clip_fraction': 0.3059895858168602, 'grad_norm': 14.925722122192383}
2022-12-30 15:03:22.553 DEBUG: Taking gradient step
2022-12-30 15:03:25.139 DEBUG: Loss 4: {'policy_loss': 0.06667264697798067, 'entropy_loss': -0.043637446127831936, 'vf_loss': 0.2697310927806281, 'total_loss': 0.023035200850148735, 'approx_kl': -0.05821607634425163, 'clip_fraction': 0.3216145858168602, 'grad_norm': 24.87413215637207}
2022-12-30 15:03:27.718 DEBUG: Taking gradient step
2022-12-30 15:03:30.301 DEBUG: Loss 5: {'policy_loss': 0.0819581640517142, 'entropy_loss': -0.04313996620476246, 'vf_loss': 0.27488974760848306, 'total_loss': 0.038818197846951744, 'approx_kl': -0.04263166134478524, 'clip_fraction': 0.2109375, 'grad_norm': 12.1063814163208}
2022-12-30 15:03:32.864 DEBUG: Taking gradient step
2022-12-30 15:03:35.266 DEBUG: Loss 6: {'policy_loss': 0.07800230577532632, 'entropy_loss': -0.04255274496972561, 'vf_loss': 0.2659516540289062, 'total_loss': 0.03544956080560071, 'approx_kl': -0.06850675772875547, 'clip_fraction': 0.2356770858168602, 'grad_norm': 13.17680549621582}
2022-12-30 15:03:37.709 DEBUG: Taking gradient step
2022-12-30 15:03:40.164 DEBUG: Loss 7: {'policy_loss': 0.1908868180694991, 'entropy_loss': -0.04149038251489401, 'vf_loss': 0.29104758511365797, 'total_loss': 0.1493964355546051, 'approx_kl': -0.047711160965263844, 'clip_fraction': 0.3294270858168602, 'grad_norm': 14.031647682189941}
2022-12-30 15:03:42.671 DEBUG: Taking gradient step
2022-12-30 15:03:45.143 DEBUG: Loss 8: {'policy_loss': 0.23101433125752996, 'entropy_loss': -0.04169821832329035, 'vf_loss': 0.2843976984451257, 'total_loss': 0.1893161129342396, 'approx_kl': -0.09791052155196667, 'clip_fraction': 0.3606770858168602, 'grad_norm': 15.963258743286133}
2022-12-30 15:03:47.609 DEBUG: Taking gradient step
2022-12-30 15:03:49.991 DEBUG: Loss 9: {'policy_loss': 0.1339082503763525, 'entropy_loss': -0.04133831150829792, 'vf_loss': 0.27768068374961163, 'total_loss': 0.09256993886805459, 'approx_kl': -0.06456157751381397, 'clip_fraction': 0.2890625, 'grad_norm': 15.544187545776367}
2022-12-30 15:03:49.992 INFO: Optimization: policy loss=0.134, vf loss=0.278, entropy loss=-0.041, total loss=0.093, num steps=10
2022-12-30 15:03:49.992 DEBUG: Saving info: runs/CH3NO_int/results/CH3NO_int_run-1_opt.txt
2022-12-30 15:03:50.745 DEBUG: Atoms are too close
2022-12-30 15:03:50.747 INFO: Evaluation rollout: return=-19.409 (0.0), episode length=4.0
2022-12-30 15:03:50.747 DEBUG: Saving info: runs/CH3NO_int/results/CH3NO_int_run-1_eval.txt
2022-12-30 15:03:50.750 INFO: Iteration: 9/137, steps: 1944
2022-12-30 15:03:59.839 DEBUG: Atoms are too close
2022-12-30 15:04:00.086 DEBUG: Atoms are too close
2022-12-30 15:04:00.087 DEBUG: Atoms are too close
2022-12-30 15:04:00.087 DEBUG: Atoms are too close
2022-12-30 15:04:00.361 DEBUG: Atoms are too close
2022-12-30 15:04:01.256 DEBUG: Atoms are too close
2022-12-30 15:04:02.321 DEBUG: Atoms are too close
2022-12-30 15:04:03.099 DEBUG: Atoms are too close
2022-12-30 15:04:03.230 DEBUG: Atoms are too close
2022-12-30 15:04:05.192 DEBUG: Atoms are too close
2022-12-30 15:04:07.905 DEBUG: There is a single atom floating around
2022-12-30 15:04:09.218 DEBUG: Atoms are too close
2022-12-30 15:04:09.219 DEBUG: Atoms are too close
2022-12-30 15:04:10.534 DEBUG: Atoms are too close
2022-12-30 15:04:11.849 DEBUG: Atoms are too close
2022-12-30 15:04:14.207 DEBUG: There is a single atom floating around
2022-12-30 15:04:14.610 DEBUG: Atoms are too close
2022-12-30 15:04:14.611 DEBUG: Atoms are too close
2022-12-30 15:04:14.952 DEBUG: Atoms are too close
2022-12-30 15:04:15.630 DEBUG: Atoms are too close
2022-12-30 15:04:17.173 DEBUG: Atoms are too close
2022-12-30 15:04:17.174 DEBUG: Atoms are too close
2022-12-30 15:04:19.146 DEBUG: Atoms are too close
2022-12-30 15:04:23.511 DEBUG: Atoms are too close
2022-12-30 15:04:23.512 DEBUG: Atoms are too close
2022-12-30 15:04:23.513 DEBUG: Atoms are too close
2022-12-30 15:04:24.694 DEBUG: Atoms are too close
2022-12-30 15:04:26.127 DEBUG: Atoms are too close
2022-12-30 15:04:26.379 DEBUG: Atoms are too close
2022-12-30 15:04:26.860 DEBUG: Atoms are too close
2022-12-30 15:04:27.373 DEBUG: Atoms are too close
2022-12-30 15:04:28.274 DEBUG: Atoms are too close
2022-12-30 15:04:29.099 DEBUG: Atoms are too close
2022-12-30 15:04:30.774 DEBUG: Atoms are too close
2022-12-30 15:04:31.543 DEBUG: There is a single atom floating around
2022-12-30 15:04:32.324 DEBUG: Atoms are too close
2022-12-30 15:04:33.290 INFO: Training rollout: return=-17.414 (6.3), episode length=4.7
2022-12-30 15:04:33.291 DEBUG: Saving info: runs/CH3NO_int/results/CH3NO_int_run-1_train.txt
2022-12-30 15:04:33.293 DEBUG: Saving rollout: runs/CH3NO_int/data/CH3NO_int_run-1_steps-1944_train.pkl
2022-12-30 15:04:35.593 DEBUG: Taking gradient step
2022-12-30 15:04:37.836 DEBUG: Loss 0: {'policy_loss': 0.04648016909200714, 'entropy_loss': -0.039689009077847004, 'vf_loss': 0.3120216129529447, 'total_loss': 0.006791160014160136, 'approx_kl': 4.511093720793724e-09, 'clip_fraction': 0.0, 'grad_norm': 21.09088897705078}
2022-12-30 15:04:40.115 DEBUG: Taking gradient step
2022-12-30 15:04:42.364 DEBUG: Loss 1: {'policy_loss': 0.06400268095767586, 'entropy_loss': -0.03900121431797743, 'vf_loss': 0.31096365466646464, 'total_loss': 0.025001466639698433, 'approx_kl': -0.00984980259090662, 'clip_fraction': 0.21875, 'grad_norm': 24.93462371826172}
2022-12-30 15:04:44.653 DEBUG: Taking gradient step
2022-12-30 15:04:46.653 DEBUG: Loss 2: {'policy_loss': 0.08155586186372965, 'entropy_loss': -0.03810930531471968, 'vf_loss': 0.306683229877153, 'total_loss': 0.04344655654900998, 'approx_kl': -0.029897578759118915, 'clip_fraction': 0.2747395858168602, 'grad_norm': 30.043331146240234}
2022-12-30 15:04:48.480 DEBUG: Taking gradient step
2022-12-30 15:04:50.284 DEBUG: Loss 3: {'policy_loss': 0.07484988024132391, 'entropy_loss': -0.03628832567483187, 'vf_loss': 0.30731021686327015, 'total_loss': 0.03856155456649205, 'approx_kl': -0.04834470245987177, 'clip_fraction': 0.3854166716337204, 'grad_norm': 18.619224548339844}
2022-12-30 15:04:52.102 DEBUG: Taking gradient step
2022-12-30 15:04:53.928 DEBUG: Loss 4: {'policy_loss': 0.07478395950880366, 'entropy_loss': -0.03597970958799124, 'vf_loss': 0.30249397247206966, 'total_loss': 0.038804249920812425, 'approx_kl': -0.0573700163513422, 'clip_fraction': 0.4075520858168602, 'grad_norm': 27.85650062561035}
2022-12-30 15:04:55.708 DEBUG: Taking gradient step
2022-12-30 15:04:57.507 DEBUG: Loss 5: {'policy_loss': 0.15181045086829012, 'entropy_loss': -0.03598020505160093, 'vf_loss': 0.30675823214743514, 'total_loss': 0.11583024581668919, 'approx_kl': -0.05877755396068096, 'clip_fraction': 0.4674479216337204, 'grad_norm': 20.966394424438477}
2022-12-30 15:04:59.344 DEBUG: Taking gradient step
2022-12-30 15:05:01.186 DEBUG: Loss 6: {'policy_loss': 0.1499785244658608, 'entropy_loss': -0.037199150770902634, 'vf_loss': 0.3061476953276613, 'total_loss': 0.11277937369495816, 'approx_kl': -0.091738011687994, 'clip_fraction': 0.4830729216337204, 'grad_norm': 18.39252281188965}
2022-12-30 15:05:03.002 DEBUG: Taking gradient step
2022-12-30 15:05:04.790 DEBUG: Loss 7: {'policy_loss': 0.0948550080254388, 'entropy_loss': -0.03792448062449694, 'vf_loss': 0.2986055237305486, 'total_loss': 0.05693052740094186, 'approx_kl': -0.06252504559233785, 'clip_fraction': 0.484375, 'grad_norm': 20.20839500427246}
2022-12-30 15:05:06.592 DEBUG: Taking gradient step
2022-12-30 15:05:08.370 DEBUG: Loss 8: {'policy_loss': 0.13479940218274666, 'entropy_loss': -0.036484286189079285, 'vf_loss': 0.3015230492565962, 'total_loss': 0.09831511599366738, 'approx_kl': -0.08982660993933678, 'clip_fraction': 0.4869791716337204, 'grad_norm': 24.19809341430664}
2022-12-30 15:05:10.171 DEBUG: Taking gradient step
2022-12-30 15:05:13.369 DEBUG: Loss 9: {'policy_loss': 0.1451283878685876, 'entropy_loss': -0.03725237026810646, 'vf_loss': 0.3072419415919415, 'total_loss': 0.10787601760048113, 'approx_kl': -0.07945567276328802, 'clip_fraction': 0.4231770858168602, 'grad_norm': 16.97450828552246}
2022-12-30 15:05:13.370 INFO: Optimization: policy loss=0.145, vf loss=0.307, entropy loss=-0.037, total loss=0.108, num steps=10
2022-12-30 15:05:13.371 DEBUG: Saving info: runs/CH3NO_int/results/CH3NO_int_run-1_opt.txt
2022-12-30 15:05:14.229 DEBUG: Atoms are too close
2022-12-30 15:05:14.231 INFO: Evaluation rollout: return=-19.621 (0.0), episode length=4.0
2022-12-30 15:05:14.231 DEBUG: Saving info: runs/CH3NO_int/results/CH3NO_int_run-1_eval.txt
2022-12-30 15:05:14.233 INFO: Iteration: 10/137, steps: 2160
2022-12-30 15:05:18.193 DEBUG: There is a single atom floating around
2022-12-30 15:05:22.005 DEBUG: Atoms are too close
2022-12-30 15:05:22.006 DEBUG: Atoms are too close
2022-12-30 15:05:23.289 DEBUG: Atoms are too close
2022-12-30 15:05:23.290 DEBUG: Atoms are too close
2022-12-30 15:05:23.291 DEBUG: There is a single atom floating around
2022-12-30 15:05:24.231 DEBUG: Atoms are too close
2022-12-30 15:05:25.657 DEBUG: Atoms are too close
2022-12-30 15:05:25.658 DEBUG: Atoms are too close
2022-12-30 15:05:26.435 DEBUG: Atoms are too close
2022-12-30 15:05:27.744 DEBUG: There is a single atom floating around
2022-12-30 15:05:31.718 DEBUG: There is a single atom floating around
2022-12-30 15:05:32.250 DEBUG: Atoms are too close
2022-12-30 15:05:33.691 DEBUG: Atoms are too close
2022-12-30 15:05:35.015 DEBUG: Atoms are too close
2022-12-30 15:05:36.298 DEBUG: Atoms are too close
2022-12-30 15:05:36.299 DEBUG: Atoms are too close
2022-12-30 15:05:36.300 DEBUG: There is a single atom floating around
2022-12-30 15:05:36.546 DEBUG: Atoms are too close
2022-12-30 15:05:36.929 DEBUG: Atoms are too close
2022-12-30 15:05:37.183 DEBUG: Atoms are too close
2022-12-30 15:05:39.671 DEBUG: There is a single atom floating around
2022-12-30 15:05:39.935 DEBUG: There is a single atom floating around
2022-12-30 15:05:40.452 DEBUG: Atoms are too close
2022-12-30 15:05:43.211 DEBUG: Atoms are too close
2022-12-30 15:05:43.484 DEBUG: Atoms are too close
2022-12-30 15:05:45.202 DEBUG: Atoms are too close
2022-12-30 15:05:46.800 DEBUG: Atoms are too close
2022-12-30 15:05:47.174 DEBUG: Atoms are too close
2022-12-30 15:05:48.735 DEBUG: Atoms are too close
2022-12-30 15:05:50.158 DEBUG: Atoms are too close
2022-12-30 15:05:51.369 DEBUG: Atoms are too close
2022-12-30 15:05:52.929 DEBUG: Atoms are too close
2022-12-30 15:05:55.022 DEBUG: Atoms are too close
2022-12-30 15:05:55.710 DEBUG: Atoms are too close
2022-12-30 15:05:55.711 DEBUG: Atoms are too close
2022-12-30 15:05:56.529 DEBUG: Atoms are too close
2022-12-30 15:05:56.615 INFO: Training rollout: return=-16.729 (7.0), episode length=4.5
2022-12-30 15:05:56.616 DEBUG: Saving info: runs/CH3NO_int/results/CH3NO_int_run-1_train.txt
2022-12-30 15:05:56.619 DEBUG: Saving rollout: runs/CH3NO_int/data/CH3NO_int_run-1_steps-2160_train.pkl
2022-12-30 15:05:59.186 DEBUG: Taking gradient step
2022-12-30 15:06:01.767 DEBUG: Loss 0: {'policy_loss': -0.01637519411429081, 'entropy_loss': -0.03760980907827616, 'vf_loss': 0.28779235391353675, 'total_loss': -0.053985003192566966, 'approx_kl': 1.2689270079135895e-08, 'clip_fraction': 0.0, 'grad_norm': 13.024859428405762}
2022-12-30 15:06:04.399 DEBUG: Taking gradient step
2022-12-30 15:06:06.927 DEBUG: Loss 1: {'policy_loss': 0.0636988791811714, 'entropy_loss': -0.03793718945235014, 'vf_loss': 0.29831634445682437, 'total_loss': 0.025761689728821258, 'approx_kl': -0.0076934522949159145, 'clip_fraction': 0.11588541697710752, 'grad_norm': 15.225615501403809}
2022-12-30 15:06:09.407 DEBUG: Taking gradient step
2022-12-30 15:06:11.854 DEBUG: Loss 2: {'policy_loss': 0.027841500937786482, 'entropy_loss': -0.039608980529010296, 'vf_loss': 0.289522152080233, 'total_loss': -0.011767479591223814, 'approx_kl': -0.019156525027938187, 'clip_fraction': 0.24348958395421505, 'grad_norm': 17.98813247680664}
2022-12-30 15:06:14.379 DEBUG: Taking gradient step
2022-12-30 15:06:16.894 DEBUG: Loss 3: {'policy_loss': 0.0688679317978795, 'entropy_loss': -0.03741913754492998, 'vf_loss': 0.2955208848451803, 'total_loss': 0.03144879425294953, 'approx_kl': -0.028254335280507803, 'clip_fraction': 0.3346354216337204, 'grad_norm': 13.272350311279297}
2022-12-30 15:06:19.431 DEBUG: Taking gradient step
2022-12-30 15:06:21.975 DEBUG: Loss 4: {'policy_loss': 0.014659804715945295, 'entropy_loss': -0.03829874284565449, 'vf_loss': 0.28746696279539813, 'total_loss': -0.023638938129709193, 'approx_kl': -0.027496124152094126, 'clip_fraction': 0.3346354179084301, 'grad_norm': 12.700350761413574}
2022-12-30 15:06:24.578 DEBUG: Taking gradient step
2022-12-30 15:06:26.993 DEBUG: Loss 5: {'policy_loss': 0.03157640541011989, 'entropy_loss': -0.03810919634997845, 'vf_loss': 0.289873320150968, 'total_loss': -0.0065327909398585505, 'approx_kl': -0.0359930656850338, 'clip_fraction': 0.359375, 'grad_norm': 17.743602752685547}
2022-12-30 15:06:29.567 DEBUG: Taking gradient step
2022-12-30 15:06:32.023 DEBUG: Loss 6: {'policy_loss': 0.0866342041129418, 'entropy_loss': -0.03443135041743517, 'vf_loss': 0.29617268706138333, 'total_loss': 0.05220285369550663, 'approx_kl': -0.057596100494265556, 'clip_fraction': 0.3424479216337204, 'grad_norm': 21.681659698486328}
2022-12-30 15:06:34.519 DEBUG: Taking gradient step
2022-12-30 15:06:36.965 DEBUG: Loss 7: {'policy_loss': 0.026815338945494864, 'entropy_loss': -0.035563512705266476, 'vf_loss': 0.28762240299688324, 'total_loss': -0.008748173759771612, 'approx_kl': -0.05598779453430325, 'clip_fraction': 0.3385416716337204, 'grad_norm': 15.901719093322754}
2022-12-30 15:06:39.533 DEBUG: Taking gradient step
2022-12-30 15:06:42.043 DEBUG: Loss 8: {'policy_loss': 0.10175456759147483, 'entropy_loss': -0.03420551214367151, 'vf_loss': 0.29812522032604233, 'total_loss': 0.06754905544780332, 'approx_kl': -0.06174637866206467, 'clip_fraction': 0.4153645858168602, 'grad_norm': 17.928483963012695}
2022-12-30 15:06:44.521 DEBUG: Taking gradient step
2022-12-30 15:06:46.971 DEBUG: Loss 9: {'policy_loss': 0.059540671420131336, 'entropy_loss': -0.03339522611349821, 'vf_loss': 0.29065301877453403, 'total_loss': 0.026145445306633125, 'approx_kl': -0.07255193684250116, 'clip_fraction': 0.48828125, 'grad_norm': 27.06181526184082}
2022-12-30 15:06:46.972 INFO: Optimization: policy loss=0.060, vf loss=0.291, entropy loss=-0.033, total loss=0.026, num steps=10
2022-12-30 15:06:46.972 DEBUG: Saving info: runs/CH3NO_int/results/CH3NO_int_run-1_opt.txt
2022-12-30 15:06:47.809 DEBUG: Atoms are too close
2022-12-30 15:06:47.811 INFO: Evaluation rollout: return=-19.630 (0.0), episode length=4.0
2022-12-30 15:06:47.811 DEBUG: Saving info: runs/CH3NO_int/results/CH3NO_int_run-1_eval.txt
2022-12-30 15:06:47.814 DEBUG: Deleting old model: runs/CH3NO_int/models/CH3NO_int_run-1_steps-216.model
2022-12-30 15:06:47.819 DEBUG: Saving model: runs/CH3NO_int/models/CH3NO_int_run-1_steps-2376.model
2022-12-30 15:06:47.865 INFO: Iteration: 11/137, steps: 2376
2022-12-30 15:06:57.270 DEBUG: Atoms are too close
2022-12-30 15:06:57.272 DEBUG: Atoms are too close
2022-12-30 15:06:57.527 DEBUG: Atoms are too close
2022-12-30 15:07:00.715 DEBUG: Atoms are too close
2022-12-30 15:07:00.717 DEBUG: Atoms are too close
2022-12-30 15:07:01.371 DEBUG: Atoms are too close
2022-12-30 15:07:01.371 DEBUG: Atoms are too close
2022-12-30 15:07:01.372 DEBUG: Atoms are too close
2022-12-30 15:07:01.881 DEBUG: Atoms are too close
2022-12-30 15:07:01.882 DEBUG: There is a single atom floating around
2022-12-30 15:07:01.883 DEBUG: Atoms are too close
2022-12-30 15:07:02.158 DEBUG: Atoms are too close
2022-12-30 15:07:05.519 DEBUG: Atoms are too close
2022-12-30 15:07:05.520 DEBUG: Atoms are too close
2022-12-30 15:07:05.800 DEBUG: There is a single atom floating around
2022-12-30 15:07:10.979 DEBUG: There is a single atom floating around
2022-12-30 15:07:13.513 DEBUG: Atoms are too close
2022-12-30 15:07:14.183 DEBUG: Atoms are too close
2022-12-30 15:07:14.457 DEBUG: Atoms are too close
2022-12-30 15:07:14.458 DEBUG: Atoms are too close
2022-12-30 15:07:14.459 DEBUG: Atoms are too close
2022-12-30 15:07:14.459 DEBUG: Atoms are too close
2022-12-30 15:07:14.835 DEBUG: Atoms are too close
2022-12-30 15:07:17.431 DEBUG: Atoms are too close
2022-12-30 15:07:17.434 DEBUG: Atoms are too close
2022-12-30 15:07:18.237 DEBUG: There is a single atom floating around
2022-12-30 15:07:18.492 DEBUG: There is a single atom floating around
2022-12-30 15:07:22.763 DEBUG: Atoms are too close
2022-12-30 15:07:22.903 DEBUG: Atoms are too close
2022-12-30 15:07:26.171 DEBUG: Atoms are too close
2022-12-30 15:07:27.288 DEBUG: Atoms are too close
2022-12-30 15:07:28.588 DEBUG: Atoms are too close
2022-12-30 15:07:28.721 DEBUG: Atoms are too close
2022-12-30 15:07:29.079 DEBUG: Atoms are too close
2022-12-30 15:07:29.334 DEBUG: Atoms are too close
2022-12-30 15:07:30.954 INFO: Training rollout: return=-17.100 (6.7), episode length=4.8
2022-12-30 15:07:30.955 DEBUG: Saving info: runs/CH3NO_int/results/CH3NO_int_run-1_train.txt
2022-12-30 15:07:30.958 DEBUG: Saving rollout: runs/CH3NO_int/data/CH3NO_int_run-1_steps-2376_train.pkl
2022-12-30 15:07:33.287 DEBUG: Taking gradient step
2022-12-30 15:07:35.547 DEBUG: Loss 0: {'policy_loss': 0.0017421730034271566, 'entropy_loss': -0.03271457552909851, 'vf_loss': 0.30421288801733054, 'total_loss': -0.030972402525671357, 'approx_kl': -9.527624200700302e-08, 'clip_fraction': 0.0, 'grad_norm': 9.90318489074707}
2022-12-30 15:07:37.819 DEBUG: Taking gradient step
2022-12-30 15:07:39.729 DEBUG: Loss 1: {'policy_loss': -0.019597337429055887, 'entropy_loss': -0.03141132462769747, 'vf_loss': 0.2994927376208836, 'total_loss': -0.051008662056753355, 'approx_kl': -0.013492111931554973, 'clip_fraction': 0.16015625, 'grad_norm': 22.120773315429688}
2022-12-30 15:07:41.560 DEBUG: Taking gradient step
2022-12-30 15:07:43.416 DEBUG: Loss 2: {'policy_loss': 0.06029031355589008, 'entropy_loss': -0.0323246493935585, 'vf_loss': 0.3130279236044853, 'total_loss': 0.02796566416233158, 'approx_kl': -0.015509792603552341, 'clip_fraction': 0.25, 'grad_norm': 18.087923049926758}
2022-12-30 15:07:45.269 DEBUG: Taking gradient step
2022-12-30 15:07:47.149 DEBUG: Loss 3: {'policy_loss': 0.03218831734424398, 'entropy_loss': -0.0333330100402236, 'vf_loss': 0.30653206493362234, 'total_loss': -0.001144692695979617, 'approx_kl': -0.0301167459692806, 'clip_fraction': 0.2005208358168602, 'grad_norm': 10.0716552734375}
2022-12-30 15:07:48.986 DEBUG: Taking gradient step
2022-12-30 15:07:50.837 DEBUG: Loss 4: {'policy_loss': -0.005157546470087586, 'entropy_loss': -0.03327059233561158, 'vf_loss': 0.2943150427677891, 'total_loss': -0.038428138805699175, 'approx_kl': -0.030699143186211586, 'clip_fraction': 0.2265625, 'grad_norm': 23.207494735717773}
2022-12-30 15:07:52.691 DEBUG: Taking gradient step
2022-12-30 15:07:54.524 DEBUG: Loss 5: {'policy_loss': 0.03609642224918363, 'entropy_loss': -0.032967768143862486, 'vf_loss': 0.30261742530767155, 'total_loss': 0.0031286541053211388, 'approx_kl': -0.03663526731543243, 'clip_fraction': 0.375, 'grad_norm': 29.76706314086914}
2022-12-30 15:07:56.342 DEBUG: Taking gradient step
2022-12-30 15:07:58.203 DEBUG: Loss 6: {'policy_loss': 0.003465044445430457, 'entropy_loss': -0.03567349724471569, 'vf_loss': 0.2987323945107955, 'total_loss': -0.032208452799285234, 'approx_kl': -0.05333633907139301, 'clip_fraction': 0.2161458358168602, 'grad_norm': 18.18685531616211}
2022-12-30 15:08:00.052 DEBUG: Taking gradient step
2022-12-30 15:08:01.923 DEBUG: Loss 7: {'policy_loss': 0.042386580678268365, 'entropy_loss': -0.034231930039823055, 'vf_loss': 0.3025988977030716, 'total_loss': 0.008154650638445317, 'approx_kl': -0.060382467694580555, 'clip_fraction': 0.3346354216337204, 'grad_norm': 10.93665885925293}
2022-12-30 15:08:04.939 DEBUG: Taking gradient step
2022-12-30 15:08:08.877 DEBUG: Loss 8: {'policy_loss': 0.04075465296811806, 'entropy_loss': -0.032974453177303076, 'vf_loss': 0.30218912421556865, 'total_loss': 0.0077801997908149845, 'approx_kl': -0.0641179351368919, 'clip_fraction': 0.390625, 'grad_norm': 19.414962768554688}
2022-12-30 15:08:11.385 DEBUG: Taking gradient step
2022-12-30 15:08:13.929 DEBUG: Loss 9: {'policy_loss': 0.11103219837129655, 'entropy_loss': -0.031469392124563456, 'vf_loss': 0.3100055060543705, 'total_loss': 0.07956280624673309, 'approx_kl': -0.07444670330733061, 'clip_fraction': 0.44140625, 'grad_norm': 27.406490325927734}
2022-12-30 15:08:13.930 INFO: Optimization: policy loss=0.111, vf loss=0.310, entropy loss=-0.031, total loss=0.080, num steps=10
2022-12-30 15:08:13.931 DEBUG: Saving info: runs/CH3NO_int/results/CH3NO_int_run-1_opt.txt
2022-12-30 15:08:14.802 DEBUG: Atoms are too close
2022-12-30 15:08:14.804 INFO: Evaluation rollout: return=-19.431 (0.0), episode length=4.0
2022-12-30 15:08:14.804 DEBUG: Saving info: runs/CH3NO_int/results/CH3NO_int_run-1_eval.txt
2022-12-30 15:08:14.806 INFO: Iteration: 12/137, steps: 2592
2022-12-30 15:08:23.253 DEBUG: Atoms are too close
2022-12-30 15:08:24.353 DEBUG: Atoms are too close
2022-12-30 15:08:24.356 DEBUG: Atoms are too close
2022-12-30 15:08:24.916 DEBUG: Atoms are too close
2022-12-30 15:08:24.917 DEBUG: Atoms are too close
2022-12-30 15:08:25.417 DEBUG: Atoms are too close
2022-12-30 15:08:25.418 DEBUG: Atoms are too close
2022-12-30 15:08:25.419 DEBUG: Atoms are too close
2022-12-30 15:08:25.419 DEBUG: Atoms are too close
2022-12-30 15:08:25.711 DEBUG: Atoms are too close
2022-12-30 15:08:25.711 DEBUG: Atoms are too close
2022-12-30 15:08:28.200 DEBUG: There is a single atom floating around
2022-12-30 15:08:28.202 DEBUG: Atoms are too close
2022-12-30 15:08:28.836 DEBUG: There is a single atom floating around
2022-12-30 15:08:32.331 DEBUG: Atoms are too close
2022-12-30 15:08:32.334 DEBUG: Atoms are too close
2022-12-30 15:08:34.571 DEBUG: Atoms are too close
2022-12-30 15:08:35.100 DEBUG: Atoms are too close
2022-12-30 15:08:35.370 DEBUG: Atoms are too close
2022-12-30 15:08:36.255 DEBUG: Atoms are too close
2022-12-30 15:08:36.679 DEBUG: Atoms are too close
2022-12-30 15:08:37.383 DEBUG: Atoms are too close
2022-12-30 15:08:37.524 DEBUG: Atoms are too close
2022-12-30 15:08:37.526 DEBUG: Atoms are too close
2022-12-30 15:08:37.873 DEBUG: Atoms are too close
2022-12-30 15:08:40.831 DEBUG: There is a single atom floating around
2022-12-30 15:08:41.103 DEBUG: Atoms are too close
2022-12-30 15:08:43.352 DEBUG: Atoms are too close
2022-12-30 15:08:43.499 DEBUG: Atoms are too close
2022-12-30 15:08:43.635 DEBUG: Atoms are too close
2022-12-30 15:08:43.902 DEBUG: Atoms are too close
2022-12-30 15:08:44.166 DEBUG: Atoms are too close
2022-12-30 15:08:46.022 DEBUG: Atoms are too close
2022-12-30 15:08:46.667 DEBUG: Atoms are too close
2022-12-30 15:08:46.668 DEBUG: Atoms are too close
2022-12-30 15:08:48.695 DEBUG: Atoms are too close
2022-12-30 15:08:49.874 DEBUG: Atoms are too close
2022-12-30 15:08:52.294 DEBUG: Atoms are too close
2022-12-30 15:08:52.963 DEBUG: Atoms are too close
2022-12-30 15:08:52.965 DEBUG: Atoms are too close
2022-12-30 15:08:53.235 DEBUG: Atoms are too close
2022-12-30 15:08:53.500 DEBUG: Atoms are too close
2022-12-30 15:08:54.798 DEBUG: Atoms are too close
2022-12-30 15:08:55.989 INFO: Training rollout: return=-19.231 (2.9), episode length=4.3
2022-12-30 15:08:55.990 DEBUG: Saving info: runs/CH3NO_int/results/CH3NO_int_run-1_train.txt
2022-12-30 15:08:55.993 DEBUG: Saving rollout: runs/CH3NO_int/data/CH3NO_int_run-1_steps-2592_train.pkl
2022-12-30 15:08:58.490 DEBUG: Taking gradient step
2022-12-30 15:09:00.873 DEBUG: Loss 0: {'policy_loss': -0.009161452020337359, 'entropy_loss': -0.03462621755897999, 'vf_loss': 0.345075767958451, 'total_loss': -0.043787669579317345, 'approx_kl': 5.930390578612332e-08, 'clip_fraction': 0.0, 'grad_norm': 13.660868644714355}
2022-12-30 15:09:03.300 DEBUG: Taking gradient step
2022-12-30 15:09:05.668 DEBUG: Loss 1: {'policy_loss': 0.010031899368322805, 'entropy_loss': -0.033099877182394266, 'vf_loss': 0.3479362151667327, 'total_loss': -0.02306797781407146, 'approx_kl': 0.0047578338999301195, 'clip_fraction': 0.09114583395421505, 'grad_norm': 8.659228324890137}
2022-12-30 15:09:08.125 DEBUG: Taking gradient step
2022-12-30 15:09:10.496 DEBUG: Loss 2: {'policy_loss': 0.013707321133933546, 'entropy_loss': -0.034068041015416384, 'vf_loss': 0.3456630827632072, 'total_loss': -0.020360719881482844, 'approx_kl': -0.02286626840941608, 'clip_fraction': 0.19921875, 'grad_norm': 10.752082824707031}
2022-12-30 15:09:12.941 DEBUG: Taking gradient step
2022-12-30 15:09:15.265 DEBUG: Loss 3: {'policy_loss': 0.051535282932602886, 'entropy_loss': -0.03627308178693056, 'vf_loss': 0.34812033487339666, 'total_loss': 0.015262201145672321, 'approx_kl': -0.025045366026461124, 'clip_fraction': 0.2838541679084301, 'grad_norm': 8.098665237426758}
2022-12-30 15:09:17.696 DEBUG: Taking gradient step
2022-12-30 15:09:20.080 DEBUG: Loss 4: {'policy_loss': 0.053488937613179514, 'entropy_loss': -0.034844393376260996, 'vf_loss': 0.34578847686459296, 'total_loss': 0.01864454423691852, 'approx_kl': -0.02332604327239096, 'clip_fraction': 0.3776041716337204, 'grad_norm': 11.23694133758545}
2022-12-30 15:09:22.509 DEBUG: Taking gradient step
2022-12-30 15:09:24.848 DEBUG: Loss 5: {'policy_loss': 0.023764511527493537, 'entropy_loss': -0.03739087004214525, 'vf_loss': 0.3447390682104423, 'total_loss': -0.013626358514651715, 'approx_kl': -0.03900419361889362, 'clip_fraction': 0.3216145858168602, 'grad_norm': 7.089046001434326}
2022-12-30 15:09:27.277 DEBUG: Taking gradient step
2022-12-30 15:09:29.665 DEBUG: Loss 6: {'policy_loss': 0.011614303015220262, 'entropy_loss': -0.03676855657249689, 'vf_loss': 0.3425739687532656, 'total_loss': -0.02515425355727663, 'approx_kl': -0.04914210829883814, 'clip_fraction': 0.2786458358168602, 'grad_norm': 8.42940616607666}
2022-12-30 15:09:32.061 DEBUG: Taking gradient step
2022-12-30 15:09:34.425 DEBUG: Loss 7: {'policy_loss': 0.0631871913100233, 'entropy_loss': -0.03748711757361889, 'vf_loss': 0.3508451995074112, 'total_loss': 0.025700073736404417, 'approx_kl': -0.06304193567484617, 'clip_fraction': 0.25390625, 'grad_norm': 7.913268566131592}
2022-12-30 15:09:36.826 DEBUG: Taking gradient step
2022-12-30 15:09:39.209 DEBUG: Loss 8: {'policy_loss': 0.056967471667749126, 'entropy_loss': -0.03712385892868042, 'vf_loss': 0.3509863448898883, 'total_loss': 0.019843612739068706, 'approx_kl': -0.05418132059276104, 'clip_fraction': 0.18359375, 'grad_norm': 9.01022720336914}
2022-12-30 15:09:41.636 DEBUG: Taking gradient step
2022-12-30 15:09:44.029 DEBUG: Loss 9: {'policy_loss': 0.0967686282693517, 'entropy_loss': -0.03555053658783436, 'vf_loss': 0.35190946167304216, 'total_loss': 0.061218091681517345, 'approx_kl': -0.09877949487417936, 'clip_fraction': 0.2447916716337204, 'grad_norm': 9.006345748901367}
2022-12-30 15:09:44.030 INFO: Optimization: policy loss=0.097, vf loss=0.352, entropy loss=-0.036, total loss=0.061, num steps=10
2022-12-30 15:09:44.030 DEBUG: Saving info: runs/CH3NO_int/results/CH3NO_int_run-1_opt.txt
2022-12-30 15:09:44.831 DEBUG: Atoms are too close
2022-12-30 15:09:44.832 INFO: Evaluation rollout: return=-19.459 (0.0), episode length=4.0
2022-12-30 15:09:44.833 DEBUG: Saving info: runs/CH3NO_int/results/CH3NO_int_run-1_eval.txt
2022-12-30 15:09:44.835 INFO: Iteration: 13/137, steps: 2808
2022-12-30 15:09:46.860 DEBUG: There is a single atom floating around
2022-12-30 15:09:52.840 DEBUG: Atoms are too close
2022-12-30 15:09:53.097 DEBUG: Atoms are too close
2022-12-30 15:09:53.626 DEBUG: Atoms are too close
2022-12-30 15:09:53.626 DEBUG: Atoms are too close
2022-12-30 15:09:53.627 DEBUG: Atoms are too close
2022-12-30 15:09:54.175 DEBUG: Atoms are too close
2022-12-30 15:09:55.064 DEBUG: Atoms are too close
2022-12-30 15:09:55.066 DEBUG: Atoms are too close
2022-12-30 15:09:55.468 DEBUG: Atoms are too close
2022-12-30 15:09:55.469 DEBUG: Atoms are too close
2022-12-30 15:09:55.614 DEBUG: Atoms are too close
2022-12-30 15:09:58.561 DEBUG: Atoms are too close
2022-12-30 15:09:58.828 DEBUG: There is a single atom floating around
2022-12-30 15:10:01.054 DEBUG: Atoms are too close
2022-12-30 15:10:01.188 DEBUG: Atoms are too close
2022-12-30 15:10:01.884 DEBUG: Atoms are too close
2022-12-30 15:10:04.351 DEBUG: Atoms are too close
2022-12-30 15:10:04.487 DEBUG: Atoms are too close
2022-12-30 15:10:04.765 DEBUG: Atoms are too close
2022-12-30 15:10:06.819 DEBUG: There is a single atom floating around
2022-12-30 15:10:07.340 DEBUG: Atoms are too close
2022-12-30 15:10:07.341 DEBUG: Atoms are too close
2022-12-30 15:10:08.480 DEBUG: Atoms are too close
2022-12-30 15:10:09.152 DEBUG: Atoms are too close
2022-12-30 15:10:10.595 DEBUG: Atoms are too close
2022-12-30 15:10:12.521 DEBUG: Atoms are too close
2022-12-30 15:10:12.522 DEBUG: Atoms are too close
2022-12-30 15:10:12.522 DEBUG: Atoms are too close
2022-12-30 15:10:13.460 DEBUG: Atoms are too close
2022-12-30 15:10:16.386 DEBUG: Atoms are too close
2022-12-30 15:10:16.388 DEBUG: Atoms are too close
2022-12-30 15:10:16.389 DEBUG: Atoms are too close
2022-12-30 15:10:17.770 DEBUG: Atoms are too close
2022-12-30 15:10:17.770 DEBUG: Atoms are too close
2022-12-30 15:10:19.513 DEBUG: Atoms are too close
2022-12-30 15:10:21.891 DEBUG: Atoms are too close
2022-12-30 15:10:22.015 DEBUG: Atoms are too close
2022-12-30 15:10:22.787 DEBUG: Atoms are too close
2022-12-30 15:10:23.657 DEBUG: Atoms are too close
2022-12-30 15:10:24.982 DEBUG: Atoms are too close
2022-12-30 15:10:25.622 DEBUG: Atoms are too close
2022-12-30 15:10:25.716 INFO: Training rollout: return=-19.772 (0.3), episode length=4.6
2022-12-30 15:10:25.717 DEBUG: Saving info: runs/CH3NO_int/results/CH3NO_int_run-1_train.txt
2022-12-30 15:10:25.719 DEBUG: Saving rollout: runs/CH3NO_int/data/CH3NO_int_run-1_steps-2808_train.pkl
2022-12-30 15:10:28.007 DEBUG: Taking gradient step
2022-12-30 15:10:30.156 DEBUG: Loss 0: {'policy_loss': -0.006353116336063839, 'entropy_loss': -0.0342993731610477, 'vf_loss': 0.36298684017587, 'total_loss': -0.04065248949711153, 'approx_kl': -2.6455381885170937e-08, 'clip_fraction': 0.0, 'grad_norm': 2.647674083709717}
2022-12-30 15:10:31.934 DEBUG: Taking gradient step
2022-12-30 15:10:33.746 DEBUG: Loss 1: {'policy_loss': 0.01901061225040594, 'entropy_loss': -0.03197462297976017, 'vf_loss': 0.36650612969580276, 'total_loss': -0.012964010729354231, 'approx_kl': -0.002981255791382864, 'clip_fraction': 0.0078125, 'grad_norm': 5.048463821411133}
2022-12-30 15:10:35.565 DEBUG: Taking gradient step
2022-12-30 15:10:37.369 DEBUG: Loss 2: {'policy_loss': -0.004101724058333506, 'entropy_loss': -0.031367671210318804, 'vf_loss': 0.36268880166489326, 'total_loss': -0.03546939526865231, 'approx_kl': -0.0072634839452803135, 'clip_fraction': 0.03125, 'grad_norm': 4.558157920837402}
2022-12-30 15:10:39.175 DEBUG: Taking gradient step
2022-12-30 15:10:40.984 DEBUG: Loss 3: {'policy_loss': 0.03423310779833798, 'entropy_loss': -0.031834807712584734, 'vf_loss': 0.3671784150700189, 'total_loss': 0.002398300085753244, 'approx_kl': -0.000689240638166666, 'clip_fraction': 0.140625, 'grad_norm': 4.11223030090332}
2022-12-30 15:10:42.781 DEBUG: Taking gradient step
2022-12-30 15:10:44.560 DEBUG: Loss 4: {'policy_loss': 0.06448989455343593, 'entropy_loss': -0.030478465370833874, 'vf_loss': 0.3720292212390707, 'total_loss': 0.034011429182602054, 'approx_kl': -0.010297095752321184, 'clip_fraction': 0.171875, 'grad_norm': 5.952560901641846}
2022-12-30 15:10:46.361 DEBUG: Taking gradient step
2022-12-30 15:10:48.159 DEBUG: Loss 5: {'policy_loss': 0.019851299516959943, 'entropy_loss': -0.03229590505361557, 'vf_loss': 0.365467274461943, 'total_loss': -0.01244460553665563, 'approx_kl': -0.007796711288392544, 'clip_fraction': 0.2552083358168602, 'grad_norm': 5.793540954589844}
2022-12-30 15:10:49.986 DEBUG: Taking gradient step
2022-12-30 15:10:51.820 DEBUG: Loss 6: {'policy_loss': 0.017564382380177643, 'entropy_loss': -0.03291016165167093, 'vf_loss': 0.3654588366660172, 'total_loss': -0.01534577927149329, 'approx_kl': -0.0022881552577018738, 'clip_fraction': 0.20703125, 'grad_norm': 6.035808563232422}
2022-12-30 15:10:53.638 DEBUG: Taking gradient step
2022-12-30 15:10:55.977 DEBUG: Loss 7: {'policy_loss': -0.03719283788508111, 'entropy_loss': -0.03408187720924616, 'vf_loss': 0.35684805190021507, 'total_loss': -0.07127471509432727, 'approx_kl': -0.011741155991330743, 'clip_fraction': 0.2096354179084301, 'grad_norm': 10.235642433166504}
2022-12-30 15:10:59.885 DEBUG: Taking gradient step
2022-12-30 15:11:03.020 DEBUG: Loss 8: {'policy_loss': 0.006563097646239434, 'entropy_loss': -0.033301897812634706, 'vf_loss': 0.36262061565633874, 'total_loss': -0.02673880016639527, 'approx_kl': -0.024345001438632607, 'clip_fraction': 0.13411458395421505, 'grad_norm': 3.8568453788757324}
2022-12-30 15:11:05.487 DEBUG: Taking gradient step
2022-12-30 15:11:08.114 DEBUG: Loss 9: {'policy_loss': 0.06780190643078736, 'entropy_loss': -0.0327029712498188, 'vf_loss': 0.37017688663020554, 'total_loss': 0.03509893518096856, 'approx_kl': -0.02175162942148745, 'clip_fraction': 0.1549479179084301, 'grad_norm': 3.1255364418029785}
2022-12-30 15:11:08.115 INFO: Optimization: policy loss=0.068, vf loss=0.370, entropy loss=-0.033, total loss=0.035, num steps=10
2022-12-30 15:11:08.115 DEBUG: Saving info: runs/CH3NO_int/results/CH3NO_int_run-1_opt.txt
2022-12-30 15:11:08.930 DEBUG: Atoms are too close
2022-12-30 15:11:08.932 INFO: Evaluation rollout: return=-19.438 (0.0), episode length=4.0
2022-12-30 15:11:08.932 DEBUG: Saving info: runs/CH3NO_int/results/CH3NO_int_run-1_eval.txt
2022-12-30 15:11:08.934 INFO: Iteration: 14/137, steps: 3024
2022-12-30 15:11:11.448 DEBUG: There is a single atom floating around
2022-12-30 15:11:17.868 DEBUG: Atoms are too close
2022-12-30 15:11:18.381 DEBUG: Atoms are too close
2022-12-30 15:11:19.189 DEBUG: Atoms are too close
2022-12-30 15:11:19.305 DEBUG: Atoms are too close
2022-12-30 15:11:20.243 DEBUG: Atoms are too close
2022-12-30 15:11:20.244 DEBUG: Atoms are too close
2022-12-30 15:11:20.665 DEBUG: Atoms are too close
2022-12-30 15:11:21.319 DEBUG: Atoms are too close
2022-12-30 15:11:21.321 DEBUG: Atoms are too close
2022-12-30 15:11:22.726 DEBUG: Atoms are too close
2022-12-30 15:11:26.912 DEBUG: Atoms are too close
2022-12-30 15:11:27.983 DEBUG: Atoms are too close
2022-12-30 15:11:28.628 DEBUG: Atoms are too close
2022-12-30 15:11:29.677 DEBUG: Atoms are too close
2022-12-30 15:11:29.679 DEBUG: Atoms are too close
2022-12-30 15:11:30.333 DEBUG: Atoms are too close
2022-12-30 15:11:30.546 DEBUG: Atoms are too close
2022-12-30 15:11:31.784 DEBUG: Atoms are too close
2022-12-30 15:11:32.600 DEBUG: Atoms are too close
2022-12-30 15:11:36.212 DEBUG: Atoms are too close
2022-12-30 15:11:37.550 DEBUG: Atoms are too close
2022-12-30 15:11:39.562 DEBUG: Atoms are too close
2022-12-30 15:11:39.839 DEBUG: Atoms are too close
2022-12-30 15:11:40.239 DEBUG: Atoms are too close
2022-12-30 15:11:43.771 DEBUG: Atoms are too close
2022-12-30 15:11:44.696 DEBUG: Atoms are too close
2022-12-30 15:11:44.969 DEBUG: Atoms are too close
2022-12-30 15:11:45.499 DEBUG: Atoms are too close
2022-12-30 15:11:49.425 DEBUG: Atoms are too close
2022-12-30 15:11:50.237 DEBUG: Atoms are too close
2022-12-30 15:11:50.785 DEBUG: There is a single atom floating around
2022-12-30 15:11:51.393 DEBUG: Atoms are too close
2022-12-30 15:11:52.056 DEBUG: Atoms are too close
2022-12-30 15:11:53.227 INFO: Training rollout: return=-17.395 (6.4), episode length=4.9
2022-12-30 15:11:53.229 DEBUG: Saving info: runs/CH3NO_int/results/CH3NO_int_run-1_train.txt
2022-12-30 15:11:53.231 DEBUG: Saving rollout: runs/CH3NO_int/data/CH3NO_int_run-1_steps-3024_train.pkl
2022-12-30 15:11:55.974 DEBUG: Taking gradient step
2022-12-30 15:11:58.563 DEBUG: Loss 0: {'policy_loss': -0.0012026554956237657, 'entropy_loss': -0.03231717133894563, 'vf_loss': 0.3054072671715443, 'total_loss': -0.033519826834569395, 'approx_kl': -4.474228898487809e-08, 'clip_fraction': 0.0, 'grad_norm': 12.582704544067383}
2022-12-30 15:12:01.158 DEBUG: Taking gradient step
2022-12-30 15:12:03.733 DEBUG: Loss 1: {'policy_loss': 0.044556592335980916, 'entropy_loss': -0.030010323505848646, 'vf_loss': 0.3138318875581183, 'total_loss': 0.01454626883013227, 'approx_kl': -0.01907096477225423, 'clip_fraction': 0.12239583395421505, 'grad_norm': 11.808476448059082}
2022-12-30 15:12:06.287 DEBUG: Taking gradient step
2022-12-30 15:12:08.720 DEBUG: Loss 2: {'policy_loss': 0.06319475277075273, 'entropy_loss': -0.03062834031879902, 'vf_loss': 0.31320032271309955, 'total_loss': 0.03256641245195372, 'approx_kl': -0.030852921772748232, 'clip_fraction': 0.3385416716337204, 'grad_norm': 15.161064147949219}
2022-12-30 15:12:11.258 DEBUG: Taking gradient step
2022-12-30 15:12:13.709 DEBUG: Loss 3: {'policy_loss': 0.05070468014377985, 'entropy_loss': -0.028831641655415297, 'vf_loss': 0.30864795349183854, 'total_loss': 0.021873038488364555, 'approx_kl': -0.02719640568830073, 'clip_fraction': 0.4231770858168602, 'grad_norm': 14.425785064697266}
2022-12-30 15:12:16.235 DEBUG: Taking gradient step
2022-12-30 15:12:18.728 DEBUG: Loss 4: {'policy_loss': -0.03357889586864479, 'entropy_loss': -0.02769479714334011, 'vf_loss': 0.2935348410012331, 'total_loss': -0.061273693011984896, 'approx_kl': -0.03551731817424297, 'clip_fraction': 0.4205729216337204, 'grad_norm': 14.660195350646973}
2022-12-30 15:12:21.249 DEBUG: Taking gradient step
2022-12-30 15:12:23.706 DEBUG: Loss 5: {'policy_loss': 0.0053212090717421265, 'entropy_loss': -0.027854586485773325, 'vf_loss': 0.30278584867901903, 'total_loss': -0.0225333774140312, 'approx_kl': -0.04919798066839576, 'clip_fraction': 0.2825520858168602, 'grad_norm': 8.488311767578125}
2022-12-30 15:12:26.197 DEBUG: Taking gradient step
2022-12-30 15:12:28.674 DEBUG: Loss 6: {'policy_loss': 0.02152024909149173, 'entropy_loss': -0.027413606643676758, 'vf_loss': 0.3073965964652244, 'total_loss': -0.005893357552185029, 'approx_kl': -0.058892748202197254, 'clip_fraction': 0.3723958358168602, 'grad_norm': 23.532560348510742}
2022-12-30 15:12:31.189 DEBUG: Taking gradient step
2022-12-30 15:12:33.764 DEBUG: Loss 7: {'policy_loss': 0.028337163658650102, 'entropy_loss': -0.02693944424390793, 'vf_loss': 0.30868070525001534, 'total_loss': 0.0013977194147421733, 'approx_kl': -0.0799569170922041, 'clip_fraction': 0.3880208358168602, 'grad_norm': 8.750652313232422}
2022-12-30 15:12:36.373 DEBUG: Taking gradient step
2022-12-30 15:12:38.915 DEBUG: Loss 8: {'policy_loss': -0.023190020278516167, 'entropy_loss': -0.0264234128408134, 'vf_loss': 0.29803760008224583, 'total_loss': -0.049613433119329566, 'approx_kl': -0.08543292246758938, 'clip_fraction': 0.57421875, 'grad_norm': 12.231977462768555}
2022-12-30 15:12:41.490 DEBUG: Taking gradient step
2022-12-30 15:12:44.027 DEBUG: Loss 9: {'policy_loss': 0.04216356775652097, 'entropy_loss': -0.02656819811090827, 'vf_loss': 0.30640281677993475, 'total_loss': 0.0155953696456127, 'approx_kl': -0.09300065226852894, 'clip_fraction': 0.5963541716337204, 'grad_norm': 15.944268226623535}
2022-12-30 15:12:44.027 INFO: Optimization: policy loss=0.042, vf loss=0.306, entropy loss=-0.027, total loss=0.016, num steps=10
2022-12-30 15:12:44.028 DEBUG: Saving info: runs/CH3NO_int/results/CH3NO_int_run-1_opt.txt
2022-12-30 15:12:44.831 DEBUG: Atoms are too close
2022-12-30 15:12:44.833 INFO: Evaluation rollout: return=-19.402 (0.0), episode length=4.0
2022-12-30 15:12:44.833 DEBUG: Saving info: runs/CH3NO_int/results/CH3NO_int_run-1_eval.txt
2022-12-30 15:12:44.835 INFO: Iteration: 15/137, steps: 3240
